<?xml version="1.0" encoding="utf-8"?><testsuites><testsuite name="pytest" errors="0" failures="0" skipped="0" tests="9" time="0.334" timestamp="2026-07-30T22:46:56.550192" hostname="detop"><testcase classname="space_bringup.test.test_flake8" name="test_flake8" time="0.143" /><testcase classname="space_bringup.test.test_import.TestImport" name="test_package_imports" time="0.001" /><testcase classname="space_bringup.test.test_nav2_footprint" name="test_footprint_matches_the_rover_cad[local_costmap]" time="0.012" /><testcase classname="space_bringup.test.test_nav2_footprint" name="test_footprint_matches_the_rover_cad[global_costmap]" time="0.010" /><testcase classname="space_bringup.test.test_nav2_footprint" name="test_footprint_is_not_smaller_than_the_collision_envelope[local_costmap]" time="0.011" /><testcase classname="space_bringup.test.test_nav2_footprint" name="test_footprint_is_not_smaller_than_the_collision_envelope[global_costmap]" time="0.010" /><testcase classname="space_bringup.test.test_nav2_footprint" name="test_robot_radius_does_not_shadow_the_footprint[local_costmap]" time="0.007" /><testcase classname="space_bringup.test.test_nav2_footprint" name="test_robot_radius_does_not_shadow_the_footprint[global_costmap]" time="0.008" /><testcase classname="space_bringup.test.test_pep257" name="test_pep257" time="0.060" /></testsuite></testsuites>