<?xml version="1.0" encoding="utf-8"?><testsuites><testsuite name="pytest" errors="0" failures="0" skipped="0" tests="29" time="0.441" timestamp="2026-07-30T22:46:53.734510" hostname="detop"><testcase classname="space_mission.test.test_flake8" name="test_flake8" time="0.195" /><testcase classname="space_mission.test.test_pep257" name="test_pep257" time="0.096" /><testcase classname="space_mission.test.test_slip_math" name="test_wheel_linear_speed_averages_sides" time="0.000" /><testcase classname="space_mission.test.test_slip_math" name="test_wheel_linear_speed_requires_both_sides" time="0.000" /><testcase classname="space_mission.test.test_slip_math" name="test_no_slip_when_actual_matches_wheel" time="0.000" /><testcase classname="space_mission.test.test_slip_math" name="test_positive_slip_when_wheel_outruns_body" time="0.000" /><testcase classname="space_mission.test.test_slip_math" name="test_none_below_min_wheel_speed" time="0.000" /><testcase classname="space_mission.test.test_slip_math" name="test_slip_is_clamped" time="0.000" /><testcase classname="space_mission.test.test_slip_math" name="test_none_on_non_finite" time="0.000" /><testcase classname="space_mission.test.test_traversability_transform" name="test_flat_clean_terrain_scores_one" time="0.001" /><testcase classname="space_mission.test.test_traversability_transform" name="test_step_past_the_small_wheel_is_impassable_but_medium_passes" time="0.000" /><testcase classname="space_mission.test.test_traversability_transform" name="test_slope_past_the_small_limit_is_impassable_but_medium_passes" time="0.001" /><testcase classname="space_mission.test.test_traversability_transform" name="test_medium_is_not_a_scaled_small" time="0.000" /><testcase classname="space_mission.test.test_traversability_transform" name="test_nan_input_yields_nan_and_no_data_not_zero" time="0.000" /><testcase classname="space_mission.test.test_traversability_transform" name="test_low_soil_confidence_is_gated_out_when_a_floor_is_set" time="0.001" /><testcase classname="space_mission.test.test_traversability_transform" name="test_scores_stay_within_zero_and_one" time="0.000" /><testcase classname="space_mission.test.test_traversability_transform" name="test_weights_are_normalised_so_adding_a_term_cannot_rescale_maps" time="0.000" /><testcase classname="space_mission.test.test_traversability_transform" name="test_smooth_penalty_is_zero_at_free_and_one_at_saturation" time="0.000" /><testcase classname="space_mission.test.test_traversability_transform" name="test_soil_model_separates_slope_from_soil" time="0.000" /><testcase classname="space_mission.test.test_traversability_transform" name="test_soil_confidence_rises_with_sample_count" time="0.000" /><testcase classname="space_mission.test.test_traversability_transform" name="test_soil_quality_gate_rejects_bad_samples_before_estimation" time="0.000" /><testcase classname="space_mission.test.test_traversability_transform" name="test_negative_slip_does_not_read_as_easy_soil" time="0.000" /><testcase classname="space_mission.test.test_traversability_transform" name="test_evaluate_rejects_an_incoherent_spec" time="0.000" /><testcase classname="space_mission.test.test_traversability_transform" name="test_rover_spec_matches_the_single_geometry_source" time="0.006" /><testcase classname="space_mission.test.test_traversability_transform" name="test_step_limit_never_exceeds_ground_clearance" time="0.000" /><testcase classname="space_mission.test.test_traversability_transform" name="test_one_sided_wheel_data_yields_no_speed" time="0.000" /><testcase classname="space_mission.test.test_traversability_transform" name="test_geometry_without_slip_is_still_scored" time="0.000" /><testcase classname="space_mission.test.test_traversability_transform" name="test_not_knowing_the_soil_costs_the_cell_something" time="0.001" /><testcase classname="space_mission.test.test_traversability_transform" name="test_missing_geometry_is_still_no_data" time="0.000" /></testsuite></testsuites>