Start testing: Jul 30 22:46 KST
----------------------------------------------------------
1/8 Testing: test_traversability_cost
1/8 Test: test_traversability_cost
Command: "/usr/bin/python3" "-u" "/opt/ros/jazzy/share/ament_cmake_test/cmake/run_test.py" "/home/kj/Desktop/space/ros2_ws/src/build/space_perception/test_results/space_perception/test_traversability_cost.gtest.xml" "--package-name" "space_perception" "--output-file" "/home/kj/Desktop/space/ros2_ws/src/build/space_perception/ament_cmake_gtest/test_traversability_cost.txt" "--command" "/home/kj/Desktop/space/ros2_ws/src/build/space_perception/test_traversability_cost" "--gtest_output=xml:/home/kj/Desktop/space/ros2_ws/src/build/space_perception/test_results/space_perception/test_traversability_cost.gtest.xml"
Directory: /home/kj/Desktop/space/ros2_ws/src/build/space_perception
"test_traversability_cost" start time: Jul 30 22:46 KST
Output:
----------------------------------------------------------
-- run_test.py: invoking following command in '/home/kj/Desktop/space/ros2_ws/src/build/space_perception':
 - /home/kj/Desktop/space/ros2_ws/src/build/space_perception/test_traversability_cost --gtest_output=xml:/home/kj/Desktop/space/ros2_ws/src/build/space_perception/test_results/space_perception/test_traversability_cost.gtest.xml
Running main() from /opt/ros/jazzy/src/gtest_vendor/src/gtest_main.cc
[==========] Running 24 tests from 4 test suites.
[----------] Global test environment set-up.
[----------] 9 tests from TraversabilityCost
[ RUN      ] TraversabilityCost.PerfectScoreMapsToMinimum
[       OK ] TraversabilityCost.PerfectScoreMapsToMinimum (0 ms)
[ RUN      ] TraversabilityCost.ZeroScoreMapsToMaximum
[       OK ] TraversabilityCost.ZeroScoreMapsToMaximum (0 ms)
[ RUN      ] TraversabilityCost.IntermediateScoresAreMonotonic
[       OK ] TraversabilityCost.IntermediateScoresAreMonotonic (0 ms)
[ RUN      ] TraversabilityCost.ExponentShapesPenalty
[       OK ] TraversabilityCost.ExponentShapesPenalty (0 ms)
[ RUN      ] TraversabilityCost.ScoresAreClampedToBounds
[       OK ] TraversabilityCost.ScoresAreClampedToBounds (0 ms)
[ RUN      ] TraversabilityCost.RejectsNan
[       OK ] TraversabilityCost.RejectsNan (0 ms)
[ RUN      ] TraversabilityCost.RejectsNonPositiveExponent
[       OK ] TraversabilityCost.RejectsNonPositiveExponent (0 ms)
[ RUN      ] TraversabilityCost.RejectsReversedBounds
[       OK ] TraversabilityCost.RejectsReversedBounds (0 ms)
[ RUN      ] TraversabilityCost.RejectsObstacleCost
[       OK ] TraversabilityCost.RejectsObstacleCost (0 ms)
[----------] 9 tests from TraversabilityCost (0 ms total)

[----------] 4 tests from TraversabilityValidity
[ RUN      ] TraversabilityValidity.AcceptsFiniteValidScore
[       OK ] TraversabilityValidity.AcceptsFiniteValidScore (0 ms)
[ RUN      ] TraversabilityValidity.RejectsInvalidFlag
[       OK ] TraversabilityValidity.RejectsInvalidFlag (0 ms)
[ RUN      ] TraversabilityValidity.RejectsNan
[       OK ] TraversabilityValidity.RejectsNan (0 ms)
[ RUN      ] TraversabilityValidity.RejectsOutOfRange
[       OK ] TraversabilityValidity.RejectsOutOfRange (0 ms)
[----------] 4 tests from TraversabilityValidity (0 ms total)

[----------] 5 tests from TerrainGrid
[ RUN      ] TerrainGrid.MultiplePointsRetainMaximum
[       OK ] TerrainGrid.MultiplePointsRetainMaximum (0 ms)
[ RUN      ] TerrainGrid.ReplacementDoesNotAccumulate
[       OK ] TerrainGrid.ReplacementDoesNotAccumulate (0 ms)
[ RUN      ] TerrainGrid.ResizeStartsWithNoContribution
[       OK ] TerrainGrid.ResizeStartsWithNoContribution (0 ms)
[ RUN      ] TerrainGrid.OutOfBoundsPointHasNoEffect
[       OK ] TerrainGrid.OutOfBoundsPointHasNoEffect (0 ms)
[ RUN      ] TerrainGrid.DeterministicForInputOrder
[       OK ] TerrainGrid.DeterministicForInputOrder (0 ms)
[----------] 5 tests from TerrainGrid (0 ms total)

[----------] 6 tests from TerrainCombination
[ RUN      ] TerrainCombination.LethalMasterCostIsPreserved
[       OK ] TerrainCombination.LethalMasterCostIsPreserved (0 ms)
[ RUN      ] TerrainCombination.InflationCostIsNotReduced
[       OK ] TerrainCombination.InflationCostIsNotReduced (0 ms)
[ RUN      ] TerrainCombination.NoContributionDoesNotChangeMaster
[       OK ] TerrainCombination.NoContributionDoesNotChangeMaster (0 ms)
[ RUN      ] TerrainCombination.SoftCostRaisesLowerMasterCost
[       OK ] TerrainCombination.SoftCostRaisesLowerMasterCost (0 ms)
[ RUN      ] TerrainCombination.UnknownMasterCanReceiveTerrainCost
[       OK ] TerrainCombination.UnknownMasterCanReceiveTerrainCost (0 ms)
[ RUN      ] TerrainCombination.MismatchedGridsAreRejected
[       OK ] TerrainCombination.MismatchedGridsAreRejected (0 ms)
[----------] 6 tests from TerrainCombination (0 ms total)

[----------] Global test environment tear-down
[==========] 24 tests from 4 test suites ran. (0 ms total)
[  PASSED  ] 24 tests.
-- run_test.py: return code 0
-- run_test.py: inject classname prefix into gtest result file '/home/kj/Desktop/space/ros2_ws/src/build/space_perception/test_results/space_perception/test_traversability_cost.gtest.xml'
-- run_test.py: verify result file '/home/kj/Desktop/space/ros2_ws/src/build/space_perception/test_results/space_perception/test_traversability_cost.gtest.xml'
<end of output>
Test time =   0.07 sec
----------------------------------------------------------
Test Passed.
"test_traversability_cost" end time: Jul 30 22:46 KST
"test_traversability_cost" time elapsed: 00:00:00
----------------------------------------------------------

2/8 Testing: test_traversability_plugin
2/8 Test: test_traversability_plugin
Command: "/usr/bin/python3" "-u" "/opt/ros/jazzy/share/ament_cmake_test/cmake/run_test.py" "/home/kj/Desktop/space/ros2_ws/src/build/space_perception/test_results/space_perception/test_traversability_plugin.gtest.xml" "--package-name" "space_perception" "--output-file" "/home/kj/Desktop/space/ros2_ws/src/build/space_perception/ament_cmake_gtest/test_traversability_plugin.txt" "--command" "/home/kj/Desktop/space/ros2_ws/src/build/space_perception/test_traversability_plugin" "--gtest_output=xml:/home/kj/Desktop/space/ros2_ws/src/build/space_perception/test_results/space_perception/test_traversability_plugin.gtest.xml"
Directory: /home/kj/Desktop/space/ros2_ws/src/build/space_perception
"test_traversability_plugin" start time: Jul 30 22:46 KST
Output:
----------------------------------------------------------
-- run_test.py: invoking following command in '/home/kj/Desktop/space/ros2_ws/src/build/space_perception':
 - /home/kj/Desktop/space/ros2_ws/src/build/space_perception/test_traversability_plugin --gtest_output=xml:/home/kj/Desktop/space/ros2_ws/src/build/space_perception/test_results/space_perception/test_traversability_plugin.gtest.xml
Running main() from /opt/ros/jazzy/src/gtest_vendor/src/gtest_main.cc
[==========] Running 1 test from 1 test suite.
[----------] Global test environment set-up.
[----------] 1 test from TraversabilityPlugin
[ RUN      ] TraversabilityPlugin.IsDiscoverableAndConstructible
[       OK ] TraversabilityPlugin.IsDiscoverableAndConstructible (20 ms)
[----------] 1 test from TraversabilityPlugin (20 ms total)

[----------] Global test environment tear-down
[==========] 1 test from 1 test suite ran. (20 ms total)
[  PASSED  ] 1 test.
-- run_test.py: return code 0
-- run_test.py: inject classname prefix into gtest result file '/home/kj/Desktop/space/ros2_ws/src/build/space_perception/test_results/space_perception/test_traversability_plugin.gtest.xml'
-- run_test.py: verify result file '/home/kj/Desktop/space/ros2_ws/src/build/space_perception/test_results/space_perception/test_traversability_plugin.gtest.xml'
<end of output>
Test time =   0.08 sec
----------------------------------------------------------
Test Passed.
"test_traversability_plugin" end time: Jul 30 22:46 KST
"test_traversability_plugin" time elapsed: 00:00:00
----------------------------------------------------------

3/8 Testing: test_rover_derived_thresholds
3/8 Test: test_rover_derived_thresholds
Command: "/usr/bin/python3" "-u" "/opt/ros/jazzy/share/ament_cmake_test/cmake/run_test.py" "/home/kj/Desktop/space/ros2_ws/src/build/space_perception/test_results/space_perception/test_rover_derived_thresholds.xunit.xml" "--package-name" "space_perception" "--output-file" "/home/kj/Desktop/space/ros2_ws/src/build/space_perception/ament_cmake_pytest/test_rover_derived_thresholds.txt" "--command" "/usr/bin/python3" "-u" "-m" "pytest" "/home/kj/Desktop/space/ros2_ws/src/space_perception/test/test_rover_derived_thresholds.py" "-o" "cache_dir=/home/kj/Desktop/space/ros2_ws/src/build/space_perception/ament_cmake_pytest/test_rover_derived_thresholds/.cache" "--junit-xml=/home/kj/Desktop/space/ros2_ws/src/build/space_perception/test_results/space_perception/test_rover_derived_thresholds.xunit.xml" "--junit-prefix=space_perception"
Directory: /home/kj/Desktop/space/ros2_ws/src/build/space_perception
"test_rover_derived_thresholds" start time: Jul 30 22:46 KST
Output:
----------------------------------------------------------
-- run_test.py: invoking following command in '/home/kj/Desktop/space/ros2_ws/src/build/space_perception':
 - /usr/bin/python3 -u -m pytest /home/kj/Desktop/space/ros2_ws/src/space_perception/test/test_rover_derived_thresholds.py -o cache_dir=/home/kj/Desktop/space/ros2_ws/src/build/space_perception/ament_cmake_pytest/test_rover_derived_thresholds/.cache --junit-xml=/home/kj/Desktop/space/ros2_ws/src/build/space_perception/test_results/space_perception/test_rover_derived_thresholds.xunit.xml --junit-prefix=space_perception
============================= test session starts ==============================
platform linux -- Python 3.12.3, pytest-7.4.4, pluggy-1.4.0
cachedir: /home/kj/Desktop/space/ros2_ws/src/build/space_perception/ament_cmake_pytest/test_rover_derived_thresholds/.cache
rootdir: /home/kj/Desktop/space/ros2_ws/src/space_perception
plugins: ament-xmllint-0.17.5, launch-testing-3.4.10, ament-pep257-0.17.5, launch-testing-ros-0.26.11, ament-copyright-0.17.5, ament-lint-0.17.5, ament-flake8-0.17.5, cov-4.1.0, typeguard-4.1.5, colcon-core-0.20.1
collected 3 items

../../space_perception/test/test_rover_derived_thresholds.py ...         [100%]

- generated xml file: /home/kj/Desktop/space/ros2_ws/src/build/space_perception/test_results/space_perception/test_rover_derived_thresholds.xunit.xml -
============================== 3 passed in 0.10s ===============================
-- run_test.py: return code 0
-- run_test.py: verify result file '/home/kj/Desktop/space/ros2_ws/src/build/space_perception/test_results/space_perception/test_rover_derived_thresholds.xunit.xml'
<end of output>
Test time =   0.46 sec
----------------------------------------------------------
Test Passed.
"test_rover_derived_thresholds" end time: Jul 30 22:46 KST
"test_rover_derived_thresholds" time elapsed: 00:00:00
----------------------------------------------------------

4/8 Testing: test_terrain_features
4/8 Test: test_terrain_features
Command: "/usr/bin/python3" "-u" "/opt/ros/jazzy/share/ament_cmake_test/cmake/run_test.py" "/home/kj/Desktop/space/ros2_ws/src/build/space_perception/test_results/space_perception/test_terrain_features.xunit.xml" "--package-name" "space_perception" "--output-file" "/home/kj/Desktop/space/ros2_ws/src/build/space_perception/ament_cmake_pytest/test_terrain_features.txt" "--command" "/usr/bin/python3" "-u" "-m" "pytest" "/home/kj/Desktop/space/ros2_ws/src/space_perception/test/test_terrain_features.py" "-o" "cache_dir=/home/kj/Desktop/space/ros2_ws/src/build/space_perception/ament_cmake_pytest/test_terrain_features/.cache" "--junit-xml=/home/kj/Desktop/space/ros2_ws/src/build/space_perception/test_results/space_perception/test_terrain_features.xunit.xml" "--junit-prefix=space_perception"
Directory: /home/kj/Desktop/space/ros2_ws/src/build/space_perception
"test_terrain_features" start time: Jul 30 22:46 KST
Output:
----------------------------------------------------------
-- run_test.py: invoking following command in '/home/kj/Desktop/space/ros2_ws/src/build/space_perception':
 - /usr/bin/python3 -u -m pytest /home/kj/Desktop/space/ros2_ws/src/space_perception/test/test_terrain_features.py -o cache_dir=/home/kj/Desktop/space/ros2_ws/src/build/space_perception/ament_cmake_pytest/test_terrain_features/.cache --junit-xml=/home/kj/Desktop/space/ros2_ws/src/build/space_perception/test_results/space_perception/test_terrain_features.xunit.xml --junit-prefix=space_perception
============================= test session starts ==============================
platform linux -- Python 3.12.3, pytest-7.4.4, pluggy-1.4.0
cachedir: /home/kj/Desktop/space/ros2_ws/src/build/space_perception/ament_cmake_pytest/test_terrain_features/.cache
rootdir: /home/kj/Desktop/space/ros2_ws/src/space_perception
plugins: ament-xmllint-0.17.5, launch-testing-3.4.10, ament-pep257-0.17.5, launch-testing-ros-0.26.11, ament-copyright-0.17.5, ament-lint-0.17.5, ament-flake8-0.17.5, cov-4.1.0, typeguard-4.1.5, colcon-core-0.20.1
collected 14 items

../../space_perception/test/test_terrain_features.py ..............      [100%]

- generated xml file: /home/kj/Desktop/space/ros2_ws/src/build/space_perception/test_results/space_perception/test_terrain_features.xunit.xml -
============================== 14 passed in 0.20s ==============================
-- run_test.py: return code 0
-- run_test.py: verify result file '/home/kj/Desktop/space/ros2_ws/src/build/space_perception/test_results/space_perception/test_terrain_features.xunit.xml'
<end of output>
Test time =   0.53 sec
----------------------------------------------------------
Test Passed.
"test_terrain_features" end time: Jul 30 22:46 KST
"test_terrain_features" time elapsed: 00:00:00
----------------------------------------------------------

5/8 Testing: test_terrain_processing
5/8 Test: test_terrain_processing
Command: "/usr/bin/python3" "-u" "/opt/ros/jazzy/share/ament_cmake_test/cmake/run_test.py" "/home/kj/Desktop/space/ros2_ws/src/build/space_perception/test_results/space_perception/test_terrain_processing.xunit.xml" "--package-name" "space_perception" "--output-file" "/home/kj/Desktop/space/ros2_ws/src/build/space_perception/ament_cmake_pytest/test_terrain_processing.txt" "--command" "/usr/bin/python3" "-u" "-m" "pytest" "/home/kj/Desktop/space/ros2_ws/src/space_perception/test/test_terrain_processing.py" "-o" "cache_dir=/home/kj/Desktop/space/ros2_ws/src/build/space_perception/ament_cmake_pytest/test_terrain_processing/.cache" "--junit-xml=/home/kj/Desktop/space/ros2_ws/src/build/space_perception/test_results/space_perception/test_terrain_processing.xunit.xml" "--junit-prefix=space_perception"
Directory: /home/kj/Desktop/space/ros2_ws/src/build/space_perception
"test_terrain_processing" start time: Jul 30 22:46 KST
Output:
----------------------------------------------------------
-- run_test.py: invoking following command in '/home/kj/Desktop/space/ros2_ws/src/build/space_perception':
 - /usr/bin/python3 -u -m pytest /home/kj/Desktop/space/ros2_ws/src/space_perception/test/test_terrain_processing.py -o cache_dir=/home/kj/Desktop/space/ros2_ws/src/build/space_perception/ament_cmake_pytest/test_terrain_processing/.cache --junit-xml=/home/kj/Desktop/space/ros2_ws/src/build/space_perception/test_results/space_perception/test_terrain_processing.xunit.xml --junit-prefix=space_perception
============================= test session starts ==============================
platform linux -- Python 3.12.3, pytest-7.4.4, pluggy-1.4.0
cachedir: /home/kj/Desktop/space/ros2_ws/src/build/space_perception/ament_cmake_pytest/test_terrain_processing/.cache
rootdir: /home/kj/Desktop/space/ros2_ws/src/space_perception
plugins: ament-xmllint-0.17.5, launch-testing-3.4.10, ament-pep257-0.17.5, launch-testing-ros-0.26.11, ament-copyright-0.17.5, ament-lint-0.17.5, ament-flake8-0.17.5, cov-4.1.0, typeguard-4.1.5, colcon-core-0.20.1
collected 12 items

../../space_perception/test/test_terrain_processing.py ............      [100%]

- generated xml file: /home/kj/Desktop/space/ros2_ws/src/build/space_perception/test_results/space_perception/test_terrain_processing.xunit.xml -
============================== 12 passed in 0.10s ==============================
-- run_test.py: return code 0
-- run_test.py: verify result file '/home/kj/Desktop/space/ros2_ws/src/build/space_perception/test_results/space_perception/test_terrain_processing.xunit.xml'
<end of output>
Test time =   0.44 sec
----------------------------------------------------------
Test Passed.
"test_terrain_processing" end time: Jul 30 22:46 KST
"test_terrain_processing" time elapsed: 00:00:00
----------------------------------------------------------

6/8 Testing: test_traversability
6/8 Test: test_traversability
Command: "/usr/bin/python3" "-u" "/opt/ros/jazzy/share/ament_cmake_test/cmake/run_test.py" "/home/kj/Desktop/space/ros2_ws/src/build/space_perception/test_results/space_perception/test_traversability.xunit.xml" "--package-name" "space_perception" "--output-file" "/home/kj/Desktop/space/ros2_ws/src/build/space_perception/ament_cmake_pytest/test_traversability.txt" "--command" "/usr/bin/python3" "-u" "-m" "pytest" "/home/kj/Desktop/space/ros2_ws/src/space_perception/test/test_traversability.py" "-o" "cache_dir=/home/kj/Desktop/space/ros2_ws/src/build/space_perception/ament_cmake_pytest/test_traversability/.cache" "--junit-xml=/home/kj/Desktop/space/ros2_ws/src/build/space_perception/test_results/space_perception/test_traversability.xunit.xml" "--junit-prefix=space_perception"
Directory: /home/kj/Desktop/space/ros2_ws/src/build/space_perception
"test_traversability" start time: Jul 30 22:46 KST
Output:
----------------------------------------------------------
-- run_test.py: invoking following command in '/home/kj/Desktop/space/ros2_ws/src/build/space_perception':
 - /usr/bin/python3 -u -m pytest /home/kj/Desktop/space/ros2_ws/src/space_perception/test/test_traversability.py -o cache_dir=/home/kj/Desktop/space/ros2_ws/src/build/space_perception/ament_cmake_pytest/test_traversability/.cache --junit-xml=/home/kj/Desktop/space/ros2_ws/src/build/space_perception/test_results/space_perception/test_traversability.xunit.xml --junit-prefix=space_perception
============================= test session starts ==============================
platform linux -- Python 3.12.3, pytest-7.4.4, pluggy-1.4.0
cachedir: /home/kj/Desktop/space/ros2_ws/src/build/space_perception/ament_cmake_pytest/test_traversability/.cache
rootdir: /home/kj/Desktop/space/ros2_ws/src/space_perception
plugins: ament-xmllint-0.17.5, launch-testing-3.4.10, ament-pep257-0.17.5, launch-testing-ros-0.26.11, ament-copyright-0.17.5, ament-lint-0.17.5, ament-flake8-0.17.5, cov-4.1.0, typeguard-4.1.5, colcon-core-0.20.1
collected 33 items

../../space_perception/test/test_traversability.py ..................... [ 63%]
............                                                             [100%]

- generated xml file: /home/kj/Desktop/space/ros2_ws/src/build/space_perception/test_results/space_perception/test_traversability.xunit.xml -
============================== 33 passed in 0.18s ==============================
-- run_test.py: return code 0
-- run_test.py: verify result file '/home/kj/Desktop/space/ros2_ws/src/build/space_perception/test_results/space_perception/test_traversability.xunit.xml'
<end of output>
Test time =   0.52 sec
----------------------------------------------------------
Test Passed.
"test_traversability" end time: Jul 30 22:46 KST
"test_traversability" time elapsed: 00:00:00
----------------------------------------------------------

7/8 Testing: flake8
7/8 Test: flake8
Command: "/usr/bin/python3" "-u" "/opt/ros/jazzy/share/ament_cmake_test/cmake/run_test.py" "/home/kj/Desktop/space/ros2_ws/src/build/space_perception/test_results/space_perception/flake8.xunit.xml" "--package-name" "space_perception" "--output-file" "/home/kj/Desktop/space/ros2_ws/src/build/space_perception/ament_flake8/flake8.txt" "--command" "/opt/ros/jazzy/bin/ament_flake8" "--xunit-file" "/home/kj/Desktop/space/ros2_ws/src/build/space_perception/test_results/space_perception/flake8.xunit.xml"
Directory: /home/kj/Desktop/space/ros2_ws/src/space_perception
"flake8" start time: Jul 30 22:46 KST
Output:
----------------------------------------------------------
-- run_test.py: invoking following command in '/home/kj/Desktop/space/ros2_ws/src/space_perception':
 - /opt/ros/jazzy/bin/ament_flake8 --xunit-file /home/kj/Desktop/space/ros2_ws/src/build/space_perception/test_results/space_perception/flake8.xunit.xml

22 files checked
No problems found

Checked files:

* ./setup.py
* ./launch/terrain_perception.launch.py
* ./space_perception/depth_overlay_node.py
* ./space_perception/pointcloud_utils.py
* ./space_perception/terrain_pointcloud_filter_node.py
* ./space_perception/latest_data.py
* ./space_perception/local_elevation_map_node.py
* ./space_perception/traversability_calibration.py
* ./space_perception/terrain_traversability_node.py
* ./space_perception/__init__.py
* ./space_perception/traversability.py
* ./space_perception/terrain_feature_node.py
* ./space_perception/terrain_features.py
* ./space_perception/terrain_processing.py
* ./test/test_flake8.py
* ./test/test_import.py
* ./test/test_terrain_processing.py
* ./test/test_rover_derived_thresholds.py
* ./test/__init__.py
* ./test/test_pep257.py
* ./test/test_terrain_features.py
* ./test/test_traversability.py
-- run_test.py: return code 0
-- run_test.py: verify result file '/home/kj/Desktop/space/ros2_ws/src/build/space_perception/test_results/space_perception/flake8.xunit.xml'
<end of output>
Test time =   0.31 sec
----------------------------------------------------------
Test Passed.
"flake8" end time: Jul 30 22:46 KST
"flake8" time elapsed: 00:00:00
----------------------------------------------------------

8/8 Testing: pep257
8/8 Test: pep257
Command: "/usr/bin/python3" "-u" "/opt/ros/jazzy/share/ament_cmake_test/cmake/run_test.py" "/home/kj/Desktop/space/ros2_ws/src/build/space_perception/test_results/space_perception/pep257.xunit.xml" "--package-name" "space_perception" "--output-file" "/home/kj/Desktop/space/ros2_ws/src/build/space_perception/ament_pep257/pep257.txt" "--command" "/opt/ros/jazzy/bin/ament_pep257" "--xunit-file" "/home/kj/Desktop/space/ros2_ws/src/build/space_perception/test_results/space_perception/pep257.xunit.xml"
Directory: /home/kj/Desktop/space/ros2_ws/src/space_perception
"pep257" start time: Jul 30 22:46 KST
Output:
----------------------------------------------------------
-- run_test.py: invoking following command in '/home/kj/Desktop/space/ros2_ws/src/space_perception':
 - /opt/ros/jazzy/bin/ament_pep257 --xunit-file /home/kj/Desktop/space/ros2_ws/src/build/space_perception/test_results/space_perception/pep257.xunit.xml
checking ./launch/terrain_perception.launch.py
checking ./setup.py
checking ./space_perception/__init__.py
checking ./space_perception/depth_overlay_node.py
checking ./space_perception/latest_data.py
checking ./space_perception/local_elevation_map_node.py
checking ./space_perception/pointcloud_utils.py
checking ./space_perception/terrain_feature_node.py
checking ./space_perception/terrain_features.py
checking ./space_perception/terrain_pointcloud_filter_node.py
checking ./space_perception/terrain_processing.py
checking ./space_perception/terrain_traversability_node.py
checking ./space_perception/traversability.py
checking ./space_perception/traversability_calibration.py
checking ./test/__init__.py
checking ./test/test_flake8.py
checking ./test/test_import.py
checking ./test/test_pep257.py
checking ./test/test_rover_derived_thresholds.py
checking ./test/test_terrain_features.py
checking ./test/test_terrain_processing.py
checking ./test/test_traversability.py
No problems found
-- run_test.py: return code 0
-- run_test.py: verify result file '/home/kj/Desktop/space/ros2_ws/src/build/space_perception/test_results/space_perception/pep257.xunit.xml'
<end of output>
Test time =   0.21 sec
----------------------------------------------------------
Test Passed.
"pep257" end time: Jul 30 22:46 KST
"pep257" time elapsed: 00:00:00
----------------------------------------------------------

End testing: Jul 30 22:46 KST

flake8 =   0.31 sec*proc

gtest =   0.14 sec*proc

linter =   0.52 sec*proc

pep257 =   0.21 sec*proc

pytest =   1.96 sec*proc

