Start testing: Jul 30 22:46 KST
----------------------------------------------------------
1/3 Testing: copyright
1/3 Test: copyright
Command: "/usr/bin/python3" "-u" "/opt/ros/jazzy/share/ament_cmake_test/cmake/run_test.py" "/home/kj/Desktop/space/ros2_ws/src/build/space_msgs/test_results/space_msgs/copyright.xunit.xml" "--package-name" "space_msgs" "--output-file" "/home/kj/Desktop/space/ros2_ws/src/build/space_msgs/ament_copyright/copyright.txt" "--command" "/opt/ros/jazzy/bin/ament_copyright" "--xunit-file" "/home/kj/Desktop/space/ros2_ws/src/build/space_msgs/test_results/space_msgs/copyright.xunit.xml"
Directory: /home/kj/Desktop/space/ros2_ws/src/space_msgs
"copyright" start time: Jul 30 22:46 KST
Output:
----------------------------------------------------------
-- run_test.py: invoking following command in '/home/kj/Desktop/space/ros2_ws/src/space_msgs':
 - /opt/ros/jazzy/bin/ament_copyright --xunit-file /home/kj/Desktop/space/ros2_ws/src/build/space_msgs/test_results/space_msgs/copyright.xunit.xml
No repository roots and files found
No problems found, checked 0 files
-- run_test.py: return code 0
-- run_test.py: verify result file '/home/kj/Desktop/space/ros2_ws/src/build/space_msgs/test_results/space_msgs/copyright.xunit.xml'
<end of output>
Test time =   0.15 sec
----------------------------------------------------------
Test Passed.
"copyright" end time: Jul 30 22:46 KST
"copyright" time elapsed: 00:00:00
----------------------------------------------------------

2/3 Testing: lint_cmake
2/3 Test: lint_cmake
Command: "/usr/bin/python3" "-u" "/opt/ros/jazzy/share/ament_cmake_test/cmake/run_test.py" "/home/kj/Desktop/space/ros2_ws/src/build/space_msgs/test_results/space_msgs/lint_cmake.xunit.xml" "--package-name" "space_msgs" "--output-file" "/home/kj/Desktop/space/ros2_ws/src/build/space_msgs/ament_lint_cmake/lint_cmake.txt" "--command" "/opt/ros/jazzy/bin/ament_lint_cmake" "--xunit-file" "/home/kj/Desktop/space/ros2_ws/src/build/space_msgs/test_results/space_msgs/lint_cmake.xunit.xml"
Directory: /home/kj/Desktop/space/ros2_ws/src/space_msgs
"lint_cmake" start time: Jul 30 22:46 KST
Output:
----------------------------------------------------------
-- run_test.py: invoking following command in '/home/kj/Desktop/space/ros2_ws/src/space_msgs':
 - /opt/ros/jazzy/bin/ament_lint_cmake --xunit-file /home/kj/Desktop/space/ros2_ws/src/build/space_msgs/test_results/space_msgs/lint_cmake.xunit.xml

No problems found
-- run_test.py: return code 0
-- run_test.py: verify result file '/home/kj/Desktop/space/ros2_ws/src/build/space_msgs/test_results/space_msgs/lint_cmake.xunit.xml'
<end of output>
Test time =   0.13 sec
----------------------------------------------------------
Test Passed.
"lint_cmake" end time: Jul 30 22:46 KST
"lint_cmake" time elapsed: 00:00:00
----------------------------------------------------------

3/3 Testing: xmllint
3/3 Test: xmllint
Command: "/usr/bin/python3" "-u" "/opt/ros/jazzy/share/ament_cmake_test/cmake/run_test.py" "/home/kj/Desktop/space/ros2_ws/src/build/space_msgs/test_results/space_msgs/xmllint.xunit.xml" "--package-name" "space_msgs" "--output-file" "/home/kj/Desktop/space/ros2_ws/src/build/space_msgs/ament_xmllint/xmllint.txt" "--command" "/opt/ros/jazzy/bin/ament_xmllint" "--xunit-file" "/home/kj/Desktop/space/ros2_ws/src/build/space_msgs/test_results/space_msgs/xmllint.xunit.xml"
Directory: /home/kj/Desktop/space/ros2_ws/src/space_msgs
"xmllint" start time: Jul 30 22:46 KST
Output:
----------------------------------------------------------
-- run_test.py: invoking following command in '/home/kj/Desktop/space/ros2_ws/src/space_msgs':
 - /opt/ros/jazzy/bin/ament_xmllint --xunit-file /home/kj/Desktop/space/ros2_ws/src/build/space_msgs/test_results/space_msgs/xmllint.xunit.xml
File 'package.xml' is valid

No problems found
-- run_test.py: return code 0
-- run_test.py: verify result file '/home/kj/Desktop/space/ros2_ws/src/build/space_msgs/test_results/space_msgs/xmllint.xunit.xml'
<end of output>
Test time =   0.13 sec
----------------------------------------------------------
Test Passed.
"xmllint" end time: Jul 30 22:46 KST
"xmllint" time elapsed: 00:00:00
----------------------------------------------------------

End testing: Jul 30 22:46 KST

copyright =   0.15 sec*proc

lint_cmake =   0.13 sec*proc

linter =   0.42 sec*proc

xmllint =   0.13 sec*proc

