<?xml version="1.0" encoding="utf-8"?><testsuites><testsuite name="pytest" errors="0" failures="0" skipped="0" tests="12" time="0.105" timestamp="2026-07-30T22:46:54.928752" hostname="detop"><testcase classname="space_perception.test.test_terrain_processing" name="test_nan_and_infinite_removal" time="0.001" /><testcase classname="space_perception.test.test_terrain_processing" name="test_range_filtering_is_inclusive" time="0.000" /><testcase classname="space_perception.test.test_terrain_processing" name="test_crop_filtering" time="0.000" /><testcase classname="space_perception.test.test_terrain_processing" name="test_rover_body_exclusion" time="0.000" /><testcase classname="space_perception.test.test_terrain_processing" name="test_voxel_downsampling_centroids_and_order" time="0.010" /><testcase classname="space_perception.test.test_terrain_processing" name="test_complete_filter_handles_empty_input" time="0.000" /><testcase classname="space_perception.test.test_terrain_processing" name="test_xy_cell_indexing" time="0.000" /><testcase classname="space_perception.test.test_terrain_processing" name="test_median_elevation_variance_and_count" time="0.001" /><testcase classname="space_perception.test.test_terrain_processing" name="test_minimum_points_rejection" time="0.000" /><testcase classname="space_perception.test.test_terrain_processing" name="test_stale_and_outside_cells_are_removed" time="0.000" /><testcase classname="space_perception.test.test_terrain_processing" name="test_empty_elevation_input" time="0.000" /><testcase classname="space_perception.test.test_terrain_processing" name="test_elevation_output_order_is_deterministic" time="0.000" /></testsuite></testsuites>