<?xml version="1.0" encoding="utf-8"?><testsuites><testsuite name="pytest" errors="0" failures="0" skipped="0" tests="14" time="0.198" timestamp="2026-07-30T22:46:54.392999" hostname="detop"><testcase classname="space_perception.test.test_terrain_features" name="test_flat_horizontal_plane" time="0.004" /><testcase classname="space_perception.test.test_terrain_features" name="test_known_inclined_plane" time="0.003" /><testcase classname="space_perception.test.test_terrain_features" name="test_noisy_plane_has_roughness_but_stable_slope" time="0.002" /><testcase classname="space_perception.test.test_terrain_features" name="test_abrupt_step_exceeds_smooth_ramp_step_feature" time="0.004" /><testcase classname="space_perception.test.test_terrain_features" name="test_missing_cells_reduce_coverage_without_fabrication" time="0.004" /><testcase classname="space_perception.test.test_terrain_features" name="test_insufficient_neighbors_rejects_feature" time="0.000" /><testcase classname="space_perception.test.test_terrain_features" name="test_duplicate_index_prefers_more_supported_measurement" time="0.002" /><testcase classname="space_perception.test.test_terrain_features" name="test_collinear_neighborhood_is_rejected_as_poor_fit" time="0.000" /><testcase classname="space_perception.test.test_terrain_features" name="test_nan_and_infinite_rows_are_rejected" time="0.002" /><testcase classname="space_perception.test.test_terrain_features" name="test_confidence_is_bounded_and_variance_reduces_it" time="0.005" /><testcase classname="space_perception.test.test_terrain_features" name="test_higher_coverage_increases_confidence" time="0.005" /><testcase classname="space_perception.test.test_terrain_features" name="test_output_order_is_deterministic" time="0.013" /><testcase classname="space_perception.test.test_terrain_features" name="test_empty_input" time="0.000" /><testcase classname="space_perception.test.test_terrain_features" name="test_pointcloud_mixed_field_packing_and_unpacking" time="0.005" /></testsuite></testsuites>