<?xml version="1.0" encoding="UTF-8"?>
<testsuites tests="1" failures="0" disabled="0" errors="0" time="0.02" timestamp="2026-07-30T22:46:53.629" name="AllTests">
  <testsuite name="TraversabilityPlugin" tests="1" failures="0" disabled="0" skipped="0" errors="0" time="0.02" timestamp="2026-07-30T22:46:53.629">
    <testcase name="IsDiscoverableAndConstructible" file="/home/kj/Desktop/space/ros2_ws/src/space_perception/test/test_traversability_plugin.cpp" line="8" status="run" result="completed" time="0.02" timestamp="2026-07-30T22:46:53.629" classname="space_perception.TraversabilityPlugin" />
  </testsuite>
</testsuites>
