<?xml version="1.0" encoding="UTF-8"?>
<testsuites tests="24" failures="0" disabled="0" errors="0" time="0." timestamp="2026-07-30T22:46:53.568" name="AllTests">
  <testsuite name="TraversabilityCost" tests="9" failures="0" disabled="0" skipped="0" errors="0" time="0." timestamp="2026-07-30T22:46:53.568">
    <testcase name="PerfectScoreMapsToMinimum" file="/home/kj/Desktop/space/ros2_ws/src/space_perception/test/test_traversability_cost.cpp" line="17" status="run" result="completed" time="0." timestamp="2026-07-30T22:46:53.568" classname="space_perception.TraversabilityCost" />
    <testcase name="ZeroScoreMapsToMaximum" file="/home/kj/Desktop/space/ros2_ws/src/space_perception/test/test_traversability_cost.cpp" line="22" status="run" result="completed" time="0." timestamp="2026-07-30T22:46:53.568" classname="space_perception.TraversabilityCost" />
    <testcase name="IntermediateScoresAreMonotonic" file="/home/kj/Desktop/space/ros2_ws/src/space_perception/test/test_traversability_cost.cpp" line="27" status="run" result="completed" time="0." timestamp="2026-07-30T22:46:53.568" classname="space_perception.TraversabilityCost" />
    <testcase name="ExponentShapesPenalty" file="/home/kj/Desktop/space/ros2_ws/src/space_perception/test/test_traversability_cost.cpp" line="34" status="run" result="completed" time="0." timestamp="2026-07-30T22:46:53.568" classname="space_perception.TraversabilityCost" />
    <testcase name="ScoresAreClampedToBounds" file="/home/kj/Desktop/space/ros2_ws/src/space_perception/test/test_traversability_cost.cpp" line="41" status="run" result="completed" time="0." timestamp="2026-07-30T22:46:53.568" classname="space_perception.TraversabilityCost" />
    <testcase name="RejectsNan" file="/home/kj/Desktop/space/ros2_ws/src/space_perception/test/test_traversability_cost.cpp" line="47" status="run" result="completed" time="0." timestamp="2026-07-30T22:46:53.568" classname="space_perception.TraversabilityCost" />
    <testcase name="RejectsNonPositiveExponent" file="/home/kj/Desktop/space/ros2_ws/src/space_perception/test/test_traversability_cost.cpp" line="55" status="run" result="completed" time="0." timestamp="2026-07-30T22:46:53.568" classname="space_perception.TraversabilityCost" />
    <testcase name="RejectsReversedBounds" file="/home/kj/Desktop/space/ros2_ws/src/space_perception/test/test_traversability_cost.cpp" line="60" status="run" result="completed" time="0." timestamp="2026-07-30T22:46:53.568" classname="space_perception.TraversabilityCost" />
    <testcase name="RejectsObstacleCost" file="/home/kj/Desktop/space/ros2_ws/src/space_perception/test/test_traversability_cost.cpp" line="65" status="run" result="completed" time="0." timestamp="2026-07-30T22:46:53.568" classname="space_perception.TraversabilityCost" />
  </testsuite>
  <testsuite name="TraversabilityValidity" tests="4" failures="0" disabled="0" skipped="0" errors="0" time="0." timestamp="2026-07-30T22:46:53.568">
    <testcase name="AcceptsFiniteValidScore" file="/home/kj/Desktop/space/ros2_ws/src/space_perception/test/test_traversability_cost.cpp" line="72" status="run" result="completed" time="0." timestamp="2026-07-30T22:46:53.568" classname="space_perception.TraversabilityValidity" />
    <testcase name="RejectsInvalidFlag" file="/home/kj/Desktop/space/ros2_ws/src/space_perception/test/test_traversability_cost.cpp" line="77" status="run" result="completed" time="0." timestamp="2026-07-30T22:46:53.568" classname="space_perception.TraversabilityValidity" />
    <testcase name="RejectsNan" file="/home/kj/Desktop/space/ros2_ws/src/space_perception/test/test_traversability_cost.cpp" line="82" status="run" result="completed" time="0." timestamp="2026-07-30T22:46:53.568" classname="space_perception.TraversabilityValidity" />
    <testcase name="RejectsOutOfRange" file="/home/kj/Desktop/space/ros2_ws/src/space_perception/test/test_traversability_cost.cpp" line="88" status="run" result="completed" time="0." timestamp="2026-07-30T22:46:53.568" classname="space_perception.TraversabilityValidity" />
  </testsuite>
  <testsuite name="TerrainGrid" tests="5" failures="0" disabled="0" skipped="0" errors="0" time="0." timestamp="2026-07-30T22:46:53.568">
    <testcase name="MultiplePointsRetainMaximum" file="/home/kj/Desktop/space/ros2_ws/src/space_perception/test/test_traversability_cost.cpp" line="94" status="run" result="completed" time="0." timestamp="2026-07-30T22:46:53.568" classname="space_perception.TerrainGrid" />
    <testcase name="ReplacementDoesNotAccumulate" file="/home/kj/Desktop/space/ros2_ws/src/space_perception/test/test_traversability_cost.cpp" line="103" status="run" result="completed" time="0." timestamp="2026-07-30T22:46:53.568" classname="space_perception.TerrainGrid" />
    <testcase name="ResizeStartsWithNoContribution" file="/home/kj/Desktop/space/ros2_ws/src/space_perception/test/test_traversability_cost.cpp" line="113" status="run" result="completed" time="0." timestamp="2026-07-30T22:46:53.568" classname="space_perception.TerrainGrid" />
    <testcase name="OutOfBoundsPointHasNoEffect" file="/home/kj/Desktop/space/ros2_ws/src/space_perception/test/test_traversability_cost.cpp" line="120" status="run" result="completed" time="0." timestamp="2026-07-30T22:46:53.568" classname="space_perception.TerrainGrid" />
    <testcase name="DeterministicForInputOrder" file="/home/kj/Desktop/space/ros2_ws/src/space_perception/test/test_traversability_cost.cpp" line="171" status="run" result="completed" time="0." timestamp="2026-07-30T22:46:53.568" classname="space_perception.TerrainGrid" />
  </testsuite>
  <testsuite name="TerrainCombination" tests="6" failures="0" disabled="0" skipped="0" errors="0" time="0." timestamp="2026-07-30T22:46:53.568">
    <testcase name="LethalMasterCostIsPreserved" file="/home/kj/Desktop/space/ros2_ws/src/space_perception/test/test_traversability_cost.cpp" line="127" status="run" result="completed" time="0." timestamp="2026-07-30T22:46:53.568" classname="space_perception.TerrainCombination" />
    <testcase name="InflationCostIsNotReduced" file="/home/kj/Desktop/space/ros2_ws/src/space_perception/test/test_traversability_cost.cpp" line="134" status="run" result="completed" time="0." timestamp="2026-07-30T22:46:53.568" classname="space_perception.TerrainCombination" />
    <testcase name="NoContributionDoesNotChangeMaster" file="/home/kj/Desktop/space/ros2_ws/src/space_perception/test/test_traversability_cost.cpp" line="141" status="run" result="completed" time="0." timestamp="2026-07-30T22:46:53.568" classname="space_perception.TerrainCombination" />
    <testcase name="SoftCostRaisesLowerMasterCost" file="/home/kj/Desktop/space/ros2_ws/src/space_perception/test/test_traversability_cost.cpp" line="149" status="run" result="completed" time="0." timestamp="2026-07-30T22:46:53.568" classname="space_perception.TerrainCombination" />
    <testcase name="UnknownMasterCanReceiveTerrainCost" file="/home/kj/Desktop/space/ros2_ws/src/space_perception/test/test_traversability_cost.cpp" line="156" status="run" result="completed" time="0." timestamp="2026-07-30T22:46:53.568" classname="space_perception.TerrainCombination" />
    <testcase name="MismatchedGridsAreRejected" file="/home/kj/Desktop/space/ros2_ws/src/space_perception/test/test_traversability_cost.cpp" line="163" status="run" result="completed" time="0." timestamp="2026-07-30T22:46:53.568" classname="space_perception.TerrainCombination" />
  </testsuite>
</testsuites>
