<?xml version="1.0" encoding="utf-8"?><testsuites><testsuite name="pytest" errors="0" failures="0" skipped="0" tests="3" time="0.099" timestamp="2026-07-30T22:46:53.964061" hostname="detop"><testcase classname="space_perception.test.test_rover_derived_thresholds" name="test_step_max_matches_rover_geometry" time="0.004" /><testcase classname="space_perception.test.test_rover_derived_thresholds" name="test_step_max_is_absent_from_the_shipped_params_file" time="0.004" /><testcase classname="space_perception.test.test_rover_derived_thresholds" name="test_a_step_at_the_wheel_limit_saturates_the_penalty" time="0.003" /></testsuite></testsuites>