<?xml version="1.0" encoding="utf-8"?><testsuites><testsuite name="pytest" errors="0" failures="0" skipped="0" tests="33" time="0.186" timestamp="2026-07-30T22:46:55.371277" hostname="detop"><testcase classname="space_perception.test.test_traversability" name="test_normalization_below_lower_reference" time="0.001" /><testcase classname="space_perception.test.test_traversability" name="test_normalization_between_references_is_smooth_and_bounded" time="0.000" /><testcase classname="space_perception.test.test_traversability" name="test_normalization_above_upper_reference" time="0.000" /><testcase classname="space_perception.test.test_traversability" name="test_invalid_parameter_ordering" time="0.000" /><testcase classname="space_perception.test.test_traversability" name="test_flat_smooth_terrain_has_high_traversability" time="0.001" /><testcase classname="space_perception.test.test_traversability" name="test_increased_geometry_reduces_score[slope-0.0-0.4]" time="0.001" /><testcase classname="space_perception.test.test_traversability" name="test_increased_geometry_reduces_score[roughness-0.0-0.015]" time="0.001" /><testcase classname="space_perception.test.test_traversability" name="test_increased_geometry_reduces_score[step-0.0-0.04]" time="0.001" /><testcase classname="space_perception.test.test_traversability" name="test_measurement_quality_increases_uncertainty[coverage-1.0-0.55]" time="0.001" /><testcase classname="space_perception.test.test_traversability" name="test_measurement_quality_increases_uncertainty[confidence-1.0-0.11]" time="0.001" /><testcase classname="space_perception.test.test_traversability" name="test_measurement_quality_increases_uncertainty[variance-0.0-0.0008]" time="0.001" /><testcase classname="space_perception.test.test_traversability" name="test_weighted_sum_composition_and_weight_normalization" time="0.008" /><testcase classname="space_perception.test.test_traversability" name="test_conservative_max_composition" time="0.000" /><testcase classname="space_perception.test.test_traversability" name="test_output_is_bounded" time="0.001" /><testcase classname="space_perception.test.test_traversability" name="test_dominant_limiting_factor" time="0.000" /><testcase classname="space_perception.test.test_traversability" name="test_deterministic_tie_uses_lower_code" time="0.000" /><testcase classname="space_perception.test.test_traversability" name="test_low_support_cell_is_invalid_and_never_favourable" time="0.000" /><testcase classname="space_perception.test.test_traversability" name="test_nan_and_infinite_input_are_invalid" time="0.000" /><testcase classname="space_perception.test.test_traversability" name="test_empty_input" time="0.000" /><testcase classname="space_perception.test.test_traversability" name="test_output_order_is_deterministic" time="0.001" /><testcase classname="space_perception.test.test_traversability" name="test_invalid_weights" time="0.000" /><testcase classname="space_perception.test.test_traversability" name="test_pointcloud_packing_and_feature_validation" time="0.003" /><testcase classname="space_perception.test.test_traversability" name="test_increasing_input_never_increases_score[3-values0]" time="0.001" /><testcase classname="space_perception.test.test_traversability" name="test_increasing_input_never_increases_score[4-values1]" time="0.001" /><testcase classname="space_perception.test.test_traversability" name="test_increasing_input_never_increases_score[5-values2]" time="0.000" /><testcase classname="space_perception.test.test_traversability" name="test_increasing_input_never_increases_score[6-values3]" time="0.000" /><testcase classname="space_perception.test.test_traversability" name="test_decreasing_quality_never_increases_score[9]" time="0.001" /><testcase classname="space_perception.test.test_traversability" name="test_decreasing_quality_never_increases_score[10]" time="0.000" /><testcase classname="space_perception.test.test_traversability" name="test_smoothstep_reference_values_and_continuity" time="0.000" /><testcase classname="space_perception.test.test_traversability" name="test_geometry_composition_excludes_quality" time="0.000" /><testcase classname="space_perception.test.test_traversability" name="test_low_confidence_semantics" time="0.001" /><testcase classname="space_perception.test.test_traversability" name="test_latest_sample_disposition" time="0.000" /><testcase classname="space_perception.test.test_traversability" name="test_calibration_output_is_deterministic_and_complete" time="0.016" /></testsuite></testsuites>