Start testing: Jul 29 18:59 KST
----------------------------------------------------------
1/7 Testing: cppcheck
1/7 Test: cppcheck
Command: "/usr/bin/python3" "-u" "/opt/ros/jazzy/share/ament_cmake_test/cmake/run_test.py" "/home/kms301111/Desktop/space/build/space_gazebo/test_results/space_gazebo/cppcheck.xunit.xml" "--package-name" "space_gazebo" "--output-file" "/home/kms301111/Desktop/space/build/space_gazebo/ament_cppcheck/cppcheck.txt" "--command" "/opt/ros/jazzy/bin/ament_cppcheck" "--xunit-file" "/home/kms301111/Desktop/space/build/space_gazebo/test_results/space_gazebo/cppcheck.xunit.xml" "--include_dirs" "/home/kms301111/Desktop/space/ros2_ws/src/space_gazebo/include"
Directory: /home/kms301111/Desktop/space/ros2_ws/src/space_gazebo
"cppcheck" start time: Jul 29 18:59 KST
Output:
----------------------------------------------------------
-- run_test.py: invoking following command in '/home/kms301111/Desktop/space/ros2_ws/src/space_gazebo':
 - /opt/ros/jazzy/bin/ament_cppcheck --xunit-file /home/kms301111/Desktop/space/build/space_gazebo/test_results/space_gazebo/cppcheck.xunit.xml --include_dirs /home/kms301111/Desktop/space/ros2_ws/src/space_gazebo/include
cppcheck 2.13.0 has known performance issues and therefore will not be used, set the AMENT_CPPCHECK_ALLOW_SLOW_VERSIONS environment variable to override this.
-- run_test.py: return code 0
-- run_test.py: verify result file '/home/kms301111/Desktop/space/build/space_gazebo/test_results/space_gazebo/cppcheck.xunit.xml'
<end of output>
Test time =   0.45 sec
----------------------------------------------------------
Test Passed.
"cppcheck" end time: Jul 29 18:59 KST
"cppcheck" time elapsed: 00:00:00
----------------------------------------------------------

2/7 Testing: cpplint
2/7 Test: cpplint
Command: "/usr/bin/python3" "-u" "/opt/ros/jazzy/share/ament_cmake_test/cmake/run_test.py" "/home/kms301111/Desktop/space/build/space_gazebo/test_results/space_gazebo/cpplint.xunit.xml" "--package-name" "space_gazebo" "--output-file" "/home/kms301111/Desktop/space/build/space_gazebo/ament_cpplint/cpplint.txt" "--command" "/opt/ros/jazzy/bin/ament_cpplint" "--xunit-file" "/home/kms301111/Desktop/space/build/space_gazebo/test_results/space_gazebo/cpplint.xunit.xml"
Directory: /home/kms301111/Desktop/space/ros2_ws/src/space_gazebo
"cpplint" start time: Jul 29 18:59 KST
Output:
----------------------------------------------------------
-- run_test.py: invoking following command in '/home/kms301111/Desktop/space/ros2_ws/src/space_gazebo':
 - /opt/ros/jazzy/bin/ament_cpplint --xunit-file /home/kms301111/Desktop/space/build/space_gazebo/test_results/space_gazebo/cpplint.xunit.xml
/home/kms301111/Desktop/space/ros2_ws/src/space_gazebo/include/space_gazebo/rover_key_teleop.hpp:0:  No copyright message found.  You should have a line: "Copyright [year] <Copyright Owner>"  [legal/copyright] [5]
/home/kms301111/Desktop/space/ros2_ws/src/space_gazebo/src/rover_key_teleop.cpp:0:  No copyright message found.  You should have a line: "Copyright [year] <Copyright Owner>"  [legal/copyright] [5]
/home/kms301111/Desktop/space/ros2_ws/src/space_gazebo/src/rover_key_teleop.cpp:5:  Found C system header after C++ system header. Should be: rover_key_teleop.h, c system, c++ system, other.  [build/include_order] [4]
/home/kms301111/Desktop/space/ros2_ws/src/space_gazebo/src/rover_key_teleop.cpp:6:  Found C system header after C++ system header. Should be: rover_key_teleop.h, c system, c++ system, other.  [build/include_order] [4]
/home/kms301111/Desktop/space/ros2_ws/src/space_gazebo/src/rover_key_teleop.cpp:7:  Found C system header after C++ system header. Should be: rover_key_teleop.h, c system, c++ system, other.  [build/include_order] [4]
/home/kms301111/Desktop/space/ros2_ws/src/space_gazebo/src/rover_key_teleop.cpp:8:  Found C system header after C++ system header. Should be: rover_key_teleop.h, c system, c++ system, other.  [build/include_order] [4]
/home/kms301111/Desktop/space/ros2_ws/src/space_gazebo/src/rover_key_teleop.cpp:9:  Found C system header after C++ system header. Should be: rover_key_teleop.h, c system, c++ system, other.  [build/include_order] [4]
/home/kms301111/Desktop/space/ros2_ws/src/space_gazebo/src/rover_key_teleop.cpp:11:  Found C system header after C++ system header. Should be: rover_key_teleop.h, c system, c++ system, other.  [build/include_order] [4]
Category 'build/include_order' errors found: 6
Category 'legal/copyright' errors found: 2
Total errors found: 8
Using '--root=/home/kms301111/Desktop/space/ros2_ws/src/space_gazebo/include' argument

Done processing /home/kms301111/Desktop/space/ros2_ws/src/space_gazebo/include/space_gazebo/rover_key_teleop.hpp

Using '--root=/home/kms301111/Desktop/space/ros2_ws/src/space_gazebo/src' argument

Done processing /home/kms301111/Desktop/space/ros2_ws/src/space_gazebo/src/rover_key_teleop.cpp

-- run_test.py: return code 1
-- run_test.py: verify result file '/home/kms301111/Desktop/space/build/space_gazebo/test_results/space_gazebo/cpplint.xunit.xml'
<end of output>
Test time =   0.36 sec
----------------------------------------------------------
Test Failed.
"cpplint" end time: Jul 29 18:59 KST
"cpplint" time elapsed: 00:00:00
----------------------------------------------------------

3/7 Testing: flake8
3/7 Test: flake8
Command: "/usr/bin/python3" "-u" "/opt/ros/jazzy/share/ament_cmake_test/cmake/run_test.py" "/home/kms301111/Desktop/space/build/space_gazebo/test_results/space_gazebo/flake8.xunit.xml" "--package-name" "space_gazebo" "--output-file" "/home/kms301111/Desktop/space/build/space_gazebo/ament_flake8/flake8.txt" "--command" "/opt/ros/jazzy/bin/ament_flake8" "--xunit-file" "/home/kms301111/Desktop/space/build/space_gazebo/test_results/space_gazebo/flake8.xunit.xml"
Directory: /home/kms301111/Desktop/space/ros2_ws/src/space_gazebo
"flake8" start time: Jul 29 18:59 KST
Output:
----------------------------------------------------------
-- run_test.py: invoking following command in '/home/kms301111/Desktop/space/ros2_ws/src/space_gazebo':
 - /opt/ros/jazzy/bin/ament_flake8 --xunit-file /home/kms301111/Desktop/space/build/space_gazebo/test_results/space_gazebo/flake8.xunit.xml
from pathlib import Path
^
    with path.open("rb") as fh:
                   ^
        (count,) = struct.unpack("<I", fh.read(4))
                                 ^
    floats = raw[:, :48].copy().view("<f4").reshape(count, 12)
                                     ^
    payload = np.zeros((count, 12), dtype="<f4")
                                          ^
    with path.open("wb") as fh:
                   ^
        fh.write(b"terrain collision heightfield".ljust(80, b"\0"))
                 ^
        fh.write(b"terrain collision heightfield".ljust(80, b"\0"))
                                                            ^
        fh.write(struct.pack("<I", count))
                             ^
def _build_heightfield(verts: np.ndarray, cell: float) -> tuple[np.ndarray, np.ndarray, np.ndarray]:
                                                                                                   ^
    return np.asarray(tris, dtype="<f4")
                                  ^
    return float(verts[m, 2].max()) if m.any() else float("nan")
                                                          ^
    ap.add_argument("--source", type=Path,
                    ^
                    default=pkg / "models/arena_terrain_v04/meshes/arena_visual.stl")
                                  ^
    ap.add_argument("--output", type=Path,
                    ^
                    default=pkg / "models/arena_terrain_v04/meshes/arena_collision.stl")
                                  ^
    ap.add_argument("--cell", type=float, default=0.10, help="grid cell size (m)")
                    ^
    ap.add_argument("--cell", type=float, default=0.10, help="grid cell size (m)")
                                                             ^
    print(f"source: {tris.shape[0]:,} triangles, {verts.shape[0]:,} vertices")
          ^
    print(f"bounds X[{verts[:,0].min():.2f},{verts[:,0].max():.2f}] "
          ^
    print(f"bounds X[{verts[:,0].min():.2f},{verts[:,0].max():.2f}] "
                             ^
    print(f"bounds X[{verts[:,0].min():.2f},{verts[:,0].max():.2f}] "
                                                    ^
          f"Y[{verts[:,1].min():.2f},{verts[:,1].max():.2f}] "
          ^
          f"Y[{verts[:,1].min():.2f},{verts[:,1].max():.2f}] "
                      ^
          f"Y[{verts[:,1].min():.2f},{verts[:,1].max():.2f}] "
                                             ^
          f"Z[{verts[:,2].min():.2f},{verts[:,2].max():.2f}]")
          ^
          f"Z[{verts[:,2].min():.2f},{verts[:,2].max():.2f}]")
                      ^
          f"Z[{verts[:,2].min():.2f},{verts[:,2].max():.2f}]")
                                             ^
    print(f"collision: {coll.shape[0]:,} triangles @ {args.cell} m cell -> {args.output.name}")
          ^
        print(f"terrain top Z near ({sx:+.1f},{sy:+.1f}) = {_sample_height(verts, sx, sy):.3f} m")
              ^
if __name__ == "__main__":
               ^
6     E231 missing whitespace after ','
1     E501 line too long (100 > 99 characters)
1     I100 Import statements are in the wrong order. 'from pathlib import Path' should be before 'import struct'
23    Q000 Double quotes found but single quotes preferred

./tools/make_terrain_collision.py:18:1: I100 Import statements are in the wrong order. 'from pathlib import Path' should be before 'import struct'

./tools/make_terrain_collision.py:26:20: Q000 Double quotes found but single quotes preferred

./tools/make_terrain_collision.py:28:34: Q000 Double quotes found but single quotes preferred

./tools/make_terrain_collision.py:32:38: Q000 Double quotes found but single quotes preferred

./tools/make_terrain_collision.py:40:43: Q000 Double quotes found but single quotes preferred

./tools/make_terrain_collision.py:43:20: Q000 Double quotes found but single quotes preferred

./tools/make_terrain_collision.py:44:18: Q000 Double quotes found but single quotes preferred

./tools/make_terrain_collision.py:44:61: Q000 Double quotes found but single quotes preferred

./tools/make_terrain_collision.py:45:30: Q000 Double quotes found but single quotes preferred

./tools/make_terrain_collision.py:49:100: E501 line too long (100 > 99 characters)

./tools/make_terrain_collision.py:94:35: Q000 Double quotes found but single quotes preferred

./tools/make_terrain_collision.py:99:59: Q000 Double quotes found but single quotes preferred

./tools/make_terrain_collision.py:105:21: Q000 Double quotes found but single quotes preferred

./tools/make_terrain_collision.py:106:35: Q000 Double quotes found but single quotes preferred

./tools/make_terrain_collision.py:107:21: Q000 Double quotes found but single quotes preferred

./tools/make_terrain_collision.py:108:35: Q000 Double quotes found but single quotes preferred

./tools/make_terrain_collision.py:109:21: Q000 Double quotes found but single quotes preferred

./tools/make_terrain_collision.py:109:62: Q000 Double quotes found but single quotes preferred

./tools/make_terrain_collision.py:114:11: Q000 Double quotes found but single quotes preferred

./tools/make_terrain_collision.py:115:11: Q000 Double quotes found but single quotes preferred

./tools/make_terrain_collision.py:115:30: E231 missing whitespace after ','

./tools/make_terrain_collision.py:115:53: E231 missing whitespace after ','

./tools/make_terrain_collision.py:116:11: Q000 Double quotes found but single quotes preferred

./tools/make_terrain_collision.py:116:23: E231 missing whitespace after ','

./tools/make_terrain_collision.py:116:46: E231 missing whitespace after ','

./tools/make_terrain_collision.py:117:11: Q000 Double quotes found but single quotes preferred

./tools/make_terrain_collision.py:117:23: E231 missing whitespace after ','

./tools/make_terrain_collision.py:117:46: E231 missing whitespace after ','

./tools/make_terrain_collision.py:123:11: Q000 Double quotes found but single quotes preferred

./tools/make_terrain_collision.py:126:15: Q000 Double quotes found but single quotes preferred

./tools/make_terrain_collision.py:129:16: Q000 Double quotes found but single quotes preferred


4 files checked
31 errors

'E'-type errors: 7
'I'-type errors: 1
'Q'-type errors: 23

Checked files:

* ./scripts/arena_marker_publisher.py
* ./tools/convert_arena_step.py
* ./tools/make_terrain_collision.py
* ./launch/gazebo.launch.py
-- run_test.py: return code 1
-- run_test.py: verify result file '/home/kms301111/Desktop/space/build/space_gazebo/test_results/space_gazebo/flake8.xunit.xml'
<end of output>
Test time =   0.62 sec
----------------------------------------------------------
Test Failed.
"flake8" end time: Jul 29 18:59 KST
"flake8" time elapsed: 00:00:00
----------------------------------------------------------

4/7 Testing: lint_cmake
4/7 Test: lint_cmake
Command: "/usr/bin/python3" "-u" "/opt/ros/jazzy/share/ament_cmake_test/cmake/run_test.py" "/home/kms301111/Desktop/space/build/space_gazebo/test_results/space_gazebo/lint_cmake.xunit.xml" "--package-name" "space_gazebo" "--output-file" "/home/kms301111/Desktop/space/build/space_gazebo/ament_lint_cmake/lint_cmake.txt" "--command" "/opt/ros/jazzy/bin/ament_lint_cmake" "--xunit-file" "/home/kms301111/Desktop/space/build/space_gazebo/test_results/space_gazebo/lint_cmake.xunit.xml"
Directory: /home/kms301111/Desktop/space/ros2_ws/src/space_gazebo
"lint_cmake" start time: Jul 29 18:59 KST
Output:
----------------------------------------------------------
-- run_test.py: invoking following command in '/home/kms301111/Desktop/space/ros2_ws/src/space_gazebo':
 - /opt/ros/jazzy/bin/ament_lint_cmake --xunit-file /home/kms301111/Desktop/space/build/space_gazebo/test_results/space_gazebo/lint_cmake.xunit.xml

No problems found
-- run_test.py: return code 0
-- run_test.py: verify result file '/home/kms301111/Desktop/space/build/space_gazebo/test_results/space_gazebo/lint_cmake.xunit.xml'
<end of output>
Test time =   0.24 sec
----------------------------------------------------------
Test Passed.
"lint_cmake" end time: Jul 29 18:59 KST
"lint_cmake" time elapsed: 00:00:00
----------------------------------------------------------

5/7 Testing: pep257
5/7 Test: pep257
Command: "/usr/bin/python3" "-u" "/opt/ros/jazzy/share/ament_cmake_test/cmake/run_test.py" "/home/kms301111/Desktop/space/build/space_gazebo/test_results/space_gazebo/pep257.xunit.xml" "--package-name" "space_gazebo" "--output-file" "/home/kms301111/Desktop/space/build/space_gazebo/ament_pep257/pep257.txt" "--command" "/opt/ros/jazzy/bin/ament_pep257" "--xunit-file" "/home/kms301111/Desktop/space/build/space_gazebo/test_results/space_gazebo/pep257.xunit.xml"
Directory: /home/kms301111/Desktop/space/ros2_ws/src/space_gazebo
"pep257" start time: Jul 29 18:59 KST
Output:
----------------------------------------------------------
-- run_test.py: invoking following command in '/home/kms301111/Desktop/space/ros2_ws/src/space_gazebo':
 - /opt/ros/jazzy/bin/ament_pep257 --xunit-file /home/kms301111/Desktop/space/build/space_gazebo/test_results/space_gazebo/pep257.xunit.xml
./tools/make_terrain_collision.py:2 at module level: D213: Multi-line docstring summary should start at the second line
./tools/make_terrain_collision.py:50 in private function `_build_heightfield`: D213: Multi-line docstring summary should start at the second line
2 errors
checking ./launch/gazebo.launch.py
checking ./scripts/arena_marker_publisher.py
checking ./tools/convert_arena_step.py
checking ./tools/make_terrain_collision.py
-- run_test.py: return code 1
-- run_test.py: verify result file '/home/kms301111/Desktop/space/build/space_gazebo/test_results/space_gazebo/pep257.xunit.xml'
<end of output>
Test time =   0.34 sec
----------------------------------------------------------
Test Failed.
"pep257" end time: Jul 29 18:59 KST
"pep257" time elapsed: 00:00:00
----------------------------------------------------------

6/7 Testing: uncrustify
6/7 Test: uncrustify
Command: "/usr/bin/python3" "-u" "/opt/ros/jazzy/share/ament_cmake_test/cmake/run_test.py" "/home/kms301111/Desktop/space/build/space_gazebo/test_results/space_gazebo/uncrustify.xunit.xml" "--package-name" "space_gazebo" "--output-file" "/home/kms301111/Desktop/space/build/space_gazebo/ament_uncrustify/uncrustify.txt" "--command" "/opt/ros/jazzy/bin/ament_uncrustify" "--xunit-file" "/home/kms301111/Desktop/space/build/space_gazebo/test_results/space_gazebo/uncrustify.xunit.xml"
Directory: /home/kms301111/Desktop/space/ros2_ws/src/space_gazebo
"uncrustify" start time: Jul 29 18:59 KST
Output:
----------------------------------------------------------
-- run_test.py: invoking following command in '/home/kms301111/Desktop/space/ros2_ws/src/space_gazebo':
 - /opt/ros/jazzy/bin/ament_uncrustify --xunit-file /home/kms301111/Desktop/space/build/space_gazebo/test_results/space_gazebo/uncrustify.xunit.xml
No code style divergence in file 'include/space_gazebo/rover_key_teleop.hpp'

No code style divergence in file 'src/rover_key_teleop.cpp'

No problems found
-- run_test.py: return code 0
-- run_test.py: verify result file '/home/kms301111/Desktop/space/build/space_gazebo/test_results/space_gazebo/uncrustify.xunit.xml'
<end of output>
Test time =   0.31 sec
----------------------------------------------------------
Test Passed.
"uncrustify" end time: Jul 29 18:59 KST
"uncrustify" time elapsed: 00:00:00
----------------------------------------------------------

7/7 Testing: xmllint
7/7 Test: xmllint
Command: "/usr/bin/python3" "-u" "/opt/ros/jazzy/share/ament_cmake_test/cmake/run_test.py" "/home/kms301111/Desktop/space/build/space_gazebo/test_results/space_gazebo/xmllint.xunit.xml" "--package-name" "space_gazebo" "--output-file" "/home/kms301111/Desktop/space/build/space_gazebo/ament_xmllint/xmllint.txt" "--command" "/opt/ros/jazzy/bin/ament_xmllint" "--xunit-file" "/home/kms301111/Desktop/space/build/space_gazebo/test_results/space_gazebo/xmllint.xunit.xml"
Directory: /home/kms301111/Desktop/space/ros2_ws/src/space_gazebo
"xmllint" start time: Jul 29 18:59 KST
Output:
----------------------------------------------------------
-- run_test.py: invoking following command in '/home/kms301111/Desktop/space/ros2_ws/src/space_gazebo':
 - /opt/ros/jazzy/bin/ament_xmllint --xunit-file /home/kms301111/Desktop/space/build/space_gazebo/test_results/space_gazebo/xmllint.xunit.xml
File 'package.xml' is valid

No problems found
-- run_test.py: return code 0
-- run_test.py: verify result file '/home/kms301111/Desktop/space/build/space_gazebo/test_results/space_gazebo/xmllint.xunit.xml'
<end of output>
Test time =   0.31 sec
----------------------------------------------------------
Test Passed.
"xmllint" end time: Jul 29 18:59 KST
"xmllint" time elapsed: 00:00:00
----------------------------------------------------------

End testing: Jul 29 18:59 KST

cppcheck =   0.45 sec*proc

cpplint =   0.36 sec*proc

flake8 =   0.62 sec*proc

lint_cmake =   0.24 sec*proc

linter =   2.63 sec*proc

pep257 =   0.34 sec*proc

uncrustify =   0.31 sec*proc

xmllint =   0.31 sec*proc

