<?xml version="1.0" encoding="utf-8"?><testsuites><testsuite name="pytest" errors="0" failures="0" skipped="0" tests="5" time="0.221" timestamp="2026-07-30T22:46:52.332829" hostname="detop"><testcase classname="space_navigation.test.test_flake8" name="test_flake8" time="0.132" /><testcase classname="space_navigation.test.test_navigation_math" name="test_normalize_angle_wraps" time="0.000" /><testcase classname="space_navigation.test.test_navigation_math" name="test_yaw_to_quaternion" time="0.000" /><testcase classname="space_navigation.test.test_navigation_math" name="test_finite_pose_validation" time="0.000" /><testcase classname="space_navigation.test.test_pep257" name="test_pep257" time="0.017" /></testsuite></testsuites>