<?xml version="1.0" encoding="UTF-8"?>
<Site BuildName="(empty)"
	BuildStamp="20260729-0818-Experimental"
	Name="humxn"
	Generator="ctest-3.28.3"
	CompilerName="/usr/bin/c++"
	CompilerVersion="13.3.0"
	OSName="Linux"
	Hostname="humxn"
	OSRelease="7.0.0-28-generic"
	OSVersion="#28~24.04.1-Ubuntu SMP PREEMPT_DYNAMIC Wed Jul  1 15:50:57 UTC 2"
	OSPlatform="x86_64"
	Is64Bits="1"
	VendorString="GenuineIntel"
	VendorID="Intel Corporation"
	FamilyID="6"
	ModelID="186"
	ProcessorCacheSize="12288"
	NumberOfLogicalCPU="12"
	NumberOfPhysicalCPU="10"
	TotalVirtualMemory="9536"
	TotalPhysicalMemory="15669"
	LogicalProcessorsPerPhysical="1"
	ProcessorClockFrequency="1034.44"
	>
	<Testing>
		<StartDateTime>Jul 29 17:18 KST</StartDateTime>
		<StartTestTime>1785313136</StartTestTime>
		<TestList>
			<Test>./flake8</Test>
			<Test>./lint_cmake</Test>
			<Test>./pep257</Test>
			<Test>./xmllint</Test>
		</TestList>
		<Test Status="failed">
			<Name>flake8</Name>
			<Path>.</Path>
			<FullName>./flake8</FullName>
			<FullCommandLine>/usr/bin/python3 "-u" "/opt/ros/jazzy/share/ament_cmake_test/cmake/run_test.py" "/home/kms301111/Desktop/space/build/space_gazebo/test_results/space_gazebo/flake8.xunit.xml" "--package-name" "space_gazebo" "--output-file" "/home/kms301111/Desktop/space/build/space_gazebo/ament_flake8/flake8.txt" "--command" "/opt/ros/jazzy/bin/ament_flake8" "--xunit-file" "/home/kms301111/Desktop/space/build/space_gazebo/test_results/space_gazebo/flake8.xunit.xml"</FullCommandLine>
			<Results>
				<NamedMeasurement type="text/string" name="Exit Code">
					<Value>Failed</Value>
				</NamedMeasurement>
				<NamedMeasurement type="text/string" name="Exit Value">
					<Value>1</Value>
				</NamedMeasurement>
				<NamedMeasurement type="numeric/double" name="Execution Time">
					<Value>0.609684</Value>
				</NamedMeasurement>
				<NamedMeasurement type="numeric/double" name="Processors">
					<Value>1</Value>
				</NamedMeasurement>
				<NamedMeasurement type="text/string" name="Completion Status">
					<Value>Completed</Value>
				</NamedMeasurement>
				<NamedMeasurement type="text/string" name="Command Line">
					<Value>/usr/bin/python3 "-u" "/opt/ros/jazzy/share/ament_cmake_test/cmake/run_test.py" "/home/kms301111/Desktop/space/build/space_gazebo/test_results/space_gazebo/flake8.xunit.xml" "--package-name" "space_gazebo" "--output-file" "/home/kms301111/Desktop/space/build/space_gazebo/ament_flake8/flake8.txt" "--command" "/opt/ros/jazzy/bin/ament_flake8" "--xunit-file" "/home/kms301111/Desktop/space/build/space_gazebo/test_results/space_gazebo/flake8.xunit.xml"</Value>
				</NamedMeasurement>
				<NamedMeasurement type="text/string" name="Environment">
					<Value>#CTEST_RESOURCE_GROUP_COUNT=</Value>
				</NamedMeasurement>
				<Measurement>
					<Value>-- run_test.py: invoking following command in '/home/kms301111/Desktop/space/ros2_ws/src/space_gazebo':
 - /opt/ros/jazzy/bin/ament_flake8 --xunit-file /home/kms301111/Desktop/space/build/space_gazebo/test_results/space_gazebo/flake8.xunit.xml
from pathlib import Path
^
    with path.open("rb") as fh:
                   ^
        (count,) = struct.unpack("&lt;I", fh.read(4))
                                 ^
    floats = raw[:, :48].copy().view("&lt;f4").reshape(count, 12)
                                     ^
    payload = np.zeros((count, 12), dtype="&lt;f4")
                                          ^
    with path.open("wb") as fh:
                   ^
        fh.write(b"terrain collision heightfield".ljust(80, b"\0"))
                 ^
        fh.write(b"terrain collision heightfield".ljust(80, b"\0"))
                                                            ^
        fh.write(struct.pack("&lt;I", count))
                             ^
def _build_heightfield(verts: np.ndarray, cell: float) -&gt; tuple[np.ndarray, np.ndarray, np.ndarray]:
                                                                                                   ^
    return np.asarray(tris, dtype="&lt;f4")
                                  ^
    return float(verts[m, 2].max()) if m.any() else float("nan")
                                                          ^
    ap.add_argument("--source", type=Path,
                    ^
                    default=pkg / "models/arena_terrain_v04/meshes/arena_visual.stl")
                                  ^
    ap.add_argument("--output", type=Path,
                    ^
                    default=pkg / "models/arena_terrain_v04/meshes/arena_collision.stl")
                                  ^
    ap.add_argument("--cell", type=float, default=0.10, help="grid cell size (m)")
                    ^
    ap.add_argument("--cell", type=float, default=0.10, help="grid cell size (m)")
                                                             ^
    print(f"source: {tris.shape[0]:,} triangles, {verts.shape[0]:,} vertices")
          ^
    print(f"bounds X[{verts[:,0].min():.2f},{verts[:,0].max():.2f}] "
          ^
    print(f"bounds X[{verts[:,0].min():.2f},{verts[:,0].max():.2f}] "
                             ^
    print(f"bounds X[{verts[:,0].min():.2f},{verts[:,0].max():.2f}] "
                                                    ^
          f"Y[{verts[:,1].min():.2f},{verts[:,1].max():.2f}] "
          ^
          f"Y[{verts[:,1].min():.2f},{verts[:,1].max():.2f}] "
                      ^
          f"Y[{verts[:,1].min():.2f},{verts[:,1].max():.2f}] "
                                             ^
          f"Z[{verts[:,2].min():.2f},{verts[:,2].max():.2f}]")
          ^
          f"Z[{verts[:,2].min():.2f},{verts[:,2].max():.2f}]")
                      ^
          f"Z[{verts[:,2].min():.2f},{verts[:,2].max():.2f}]")
                                             ^
    print(f"collision: {coll.shape[0]:,} triangles @ {args.cell} m cell -&gt; {args.output.name}")
          ^
        print(f"terrain top Z near ({sx:+.1f},{sy:+.1f}) = {_sample_height(verts, sx, sy):.3f} m")
              ^
if __name__ == "__main__":
               ^
6     E231 missing whitespace after ','
1     E501 line too long (100 &gt; 99 characters)
1     I100 Import statements are in the wrong order. 'from pathlib import Path' should be before 'import struct'
23    Q000 Double quotes found but single quotes preferred

./tools/make_terrain_collision.py:18:1: I100 Import statements are in the wrong order. 'from pathlib import Path' should be before 'import struct'

./tools/make_terrain_collision.py:26:20: Q000 Double quotes found but single quotes preferred

./tools/make_terrain_collision.py:28:34: Q000 Double quotes found but single quotes preferred

./tools/make_terrain_collision.py:32:38: Q000 Double quotes found but single quotes preferred

./tools/make_terrain_collision.py:40:43: Q000 Double quotes found but single quotes preferred

./tools/make_terrain_collision.py:43:20: Q000 Double quotes found but single quotes preferred

./tools/make_terrain_collision.py:44:18: Q000 Double quotes found but single quotes preferred

./tools/make_terrain_collision.py:44:61: Q000 Double quotes found but single quotes preferred

./tools/make_terrain_collision.py:45:30: Q000 Double quotes found but single quotes preferred

./tools/make_terrain_collision.py:49:100: E501 line too long (100 &gt; 99 characters)

./tools/make_terrain_collision.py:94:35: Q000 Double quotes found but single quotes preferred

./tools/make_terrain_collision.py:99:59: Q000 Double quotes found but single quotes preferred

./tools/make_terrain_collision.py:105:21: Q000 Double quotes found but single quotes preferred

./tools/make_terrain_collision.py:106:35: Q000 Double quotes found but single quotes preferred

./tools/make_terrain_collision.py:107:21: Q000 Double quotes found but single quotes preferred

./tools/make_terrain_collision.py:108:35: Q000 Double quotes found but single quotes preferred

./tools/make_terrain_collision.py:109:21: Q000 Double quotes found but single quotes preferred

./tools/make_terrain_collision.py:109:62: Q000 Double quotes found but single quotes preferred

./tools/make_terrain_collision.py:114:11: Q000 Double quotes found but single quotes preferred

./tools/make_terrain_collision.py:115:11: Q000 Double quotes found but single quotes preferred

./tools/make_terrain_collision.py:115:30: E231 missing whitespace after ','

./tools/make_terrain_collision.py:115:53: E231 missing whitespace after ','

./tools/make_terrain_collision.py:116:11: Q000 Double quotes found but single quotes preferred

./tools/make_terrain_collision.py:116:23: E231 missing whitespace after ','

./tools/make_terrain_collision.py:116:46: E231 missing whitespace after ','

./tools/make_terrain_collision.py:117:11: Q000 Double quotes found but single quotes preferred

./tools/make_terrain_collision.py:117:23: E231 missing whitespace after ','

./tools/make_terrain_collision.py:117:46: E231 missing whitespace after ','

./tools/make_terrain_collision.py:123:11: Q000 Double quotes found but single quotes preferred

./tools/make_terrain_collision.py:126:15: Q000 Double quotes found but single quotes preferred

./tools/make_terrain_collision.py:129:16: Q000 Double quotes found but single quotes preferred


4 files checked
31 errors

'E'-type errors: 7
'I'-type errors: 1
'Q'-type errors: 23

Checked files:

* ./scripts/arena_marker_publisher.py
* ./tools/convert_arena_step.py
* ./tools/make_terrain_collision.py
* ./launch/gazebo.launch.py
-- run_test.py: return code 1
-- run_test.py: verify result file '/home/kms301111/Desktop/space/build/space_gazebo/test_results/space_gazebo/flake8.xunit.xml'
</Value>
				</Measurement>
			</Results>
			<Labels>
				<Label>flake8</Label>
				<Label>linter</Label>
			</Labels>
		</Test>
		<Test Status="passed">
			<Name>lint_cmake</Name>
			<Path>.</Path>
			<FullName>./lint_cmake</FullName>
			<FullCommandLine>/usr/bin/python3 "-u" "/opt/ros/jazzy/share/ament_cmake_test/cmake/run_test.py" "/home/kms301111/Desktop/space/build/space_gazebo/test_results/space_gazebo/lint_cmake.xunit.xml" "--package-name" "space_gazebo" "--output-file" "/home/kms301111/Desktop/space/build/space_gazebo/ament_lint_cmake/lint_cmake.txt" "--command" "/opt/ros/jazzy/bin/ament_lint_cmake" "--xunit-file" "/home/kms301111/Desktop/space/build/space_gazebo/test_results/space_gazebo/lint_cmake.xunit.xml"</FullCommandLine>
			<Results>
				<NamedMeasurement type="numeric/double" name="Execution Time">
					<Value>0.248969</Value>
				</NamedMeasurement>
				<NamedMeasurement type="numeric/double" name="Processors">
					<Value>1</Value>
				</NamedMeasurement>
				<NamedMeasurement type="text/string" name="Completion Status">
					<Value>Completed</Value>
				</NamedMeasurement>
				<NamedMeasurement type="text/string" name="Command Line">
					<Value>/usr/bin/python3 "-u" "/opt/ros/jazzy/share/ament_cmake_test/cmake/run_test.py" "/home/kms301111/Desktop/space/build/space_gazebo/test_results/space_gazebo/lint_cmake.xunit.xml" "--package-name" "space_gazebo" "--output-file" "/home/kms301111/Desktop/space/build/space_gazebo/ament_lint_cmake/lint_cmake.txt" "--command" "/opt/ros/jazzy/bin/ament_lint_cmake" "--xunit-file" "/home/kms301111/Desktop/space/build/space_gazebo/test_results/space_gazebo/lint_cmake.xunit.xml"</Value>
				</NamedMeasurement>
				<NamedMeasurement type="text/string" name="Environment">
					<Value>#CTEST_RESOURCE_GROUP_COUNT=</Value>
				</NamedMeasurement>
				<Measurement>
					<Value>-- run_test.py: invoking following command in '/home/kms301111/Desktop/space/ros2_ws/src/space_gazebo':
 - /opt/ros/jazzy/bin/ament_lint_cmake --xunit-file /home/kms301111/Desktop/space/build/space_gazebo/test_results/space_gazebo/lint_cmake.xunit.xml

No problems found
-- run_test.py: return code 0
-- run_test.py: verify result file '/home/kms301111/Desktop/space/build/space_gazebo/test_results/space_gazebo/lint_cmake.xunit.xml'
</Value>
				</Measurement>
			</Results>
			<Labels>
				<Label>lint_cmake</Label>
				<Label>linter</Label>
			</Labels>
		</Test>
		<Test Status="failed">
			<Name>pep257</Name>
			<Path>.</Path>
			<FullName>./pep257</FullName>
			<FullCommandLine>/usr/bin/python3 "-u" "/opt/ros/jazzy/share/ament_cmake_test/cmake/run_test.py" "/home/kms301111/Desktop/space/build/space_gazebo/test_results/space_gazebo/pep257.xunit.xml" "--package-name" "space_gazebo" "--output-file" "/home/kms301111/Desktop/space/build/space_gazebo/ament_pep257/pep257.txt" "--command" "/opt/ros/jazzy/bin/ament_pep257" "--xunit-file" "/home/kms301111/Desktop/space/build/space_gazebo/test_results/space_gazebo/pep257.xunit.xml"</FullCommandLine>
			<Results>
				<NamedMeasurement type="text/string" name="Exit Code">
					<Value>Failed</Value>
				</NamedMeasurement>
				<NamedMeasurement type="text/string" name="Exit Value">
					<Value>1</Value>
				</NamedMeasurement>
				<NamedMeasurement type="numeric/double" name="Execution Time">
					<Value>0.32696</Value>
				</NamedMeasurement>
				<NamedMeasurement type="numeric/double" name="Processors">
					<Value>1</Value>
				</NamedMeasurement>
				<NamedMeasurement type="text/string" name="Completion Status">
					<Value>Completed</Value>
				</NamedMeasurement>
				<NamedMeasurement type="text/string" name="Command Line">
					<Value>/usr/bin/python3 "-u" "/opt/ros/jazzy/share/ament_cmake_test/cmake/run_test.py" "/home/kms301111/Desktop/space/build/space_gazebo/test_results/space_gazebo/pep257.xunit.xml" "--package-name" "space_gazebo" "--output-file" "/home/kms301111/Desktop/space/build/space_gazebo/ament_pep257/pep257.txt" "--command" "/opt/ros/jazzy/bin/ament_pep257" "--xunit-file" "/home/kms301111/Desktop/space/build/space_gazebo/test_results/space_gazebo/pep257.xunit.xml"</Value>
				</NamedMeasurement>
				<NamedMeasurement type="text/string" name="Environment">
					<Value>#CTEST_RESOURCE_GROUP_COUNT=</Value>
				</NamedMeasurement>
				<Measurement>
					<Value>-- run_test.py: invoking following command in '/home/kms301111/Desktop/space/ros2_ws/src/space_gazebo':
 - /opt/ros/jazzy/bin/ament_pep257 --xunit-file /home/kms301111/Desktop/space/build/space_gazebo/test_results/space_gazebo/pep257.xunit.xml
./tools/make_terrain_collision.py:2 at module level: D213: Multi-line docstring summary should start at the second line
./tools/make_terrain_collision.py:50 in private function `_build_heightfield`: D213: Multi-line docstring summary should start at the second line
2 errors
checking ./launch/gazebo.launch.py
checking ./scripts/arena_marker_publisher.py
checking ./tools/convert_arena_step.py
checking ./tools/make_terrain_collision.py
-- run_test.py: return code 1
-- run_test.py: verify result file '/home/kms301111/Desktop/space/build/space_gazebo/test_results/space_gazebo/pep257.xunit.xml'
</Value>
				</Measurement>
			</Results>
			<Labels>
				<Label>linter</Label>
				<Label>pep257</Label>
			</Labels>
		</Test>
		<Test Status="passed">
			<Name>xmllint</Name>
			<Path>.</Path>
			<FullName>./xmllint</FullName>
			<FullCommandLine>/usr/bin/python3 "-u" "/opt/ros/jazzy/share/ament_cmake_test/cmake/run_test.py" "/home/kms301111/Desktop/space/build/space_gazebo/test_results/space_gazebo/xmllint.xunit.xml" "--package-name" "space_gazebo" "--output-file" "/home/kms301111/Desktop/space/build/space_gazebo/ament_xmllint/xmllint.txt" "--command" "/opt/ros/jazzy/bin/ament_xmllint" "--xunit-file" "/home/kms301111/Desktop/space/build/space_gazebo/test_results/space_gazebo/xmllint.xunit.xml"</FullCommandLine>
			<Results>
				<NamedMeasurement type="numeric/double" name="Execution Time">
					<Value>0.364088</Value>
				</NamedMeasurement>
				<NamedMeasurement type="numeric/double" name="Processors">
					<Value>1</Value>
				</NamedMeasurement>
				<NamedMeasurement type="text/string" name="Completion Status">
					<Value>Completed</Value>
				</NamedMeasurement>
				<NamedMeasurement type="text/string" name="Command Line">
					<Value>/usr/bin/python3 "-u" "/opt/ros/jazzy/share/ament_cmake_test/cmake/run_test.py" "/home/kms301111/Desktop/space/build/space_gazebo/test_results/space_gazebo/xmllint.xunit.xml" "--package-name" "space_gazebo" "--output-file" "/home/kms301111/Desktop/space/build/space_gazebo/ament_xmllint/xmllint.txt" "--command" "/opt/ros/jazzy/bin/ament_xmllint" "--xunit-file" "/home/kms301111/Desktop/space/build/space_gazebo/test_results/space_gazebo/xmllint.xunit.xml"</Value>
				</NamedMeasurement>
				<NamedMeasurement type="text/string" name="Environment">
					<Value>#CTEST_RESOURCE_GROUP_COUNT=</Value>
				</NamedMeasurement>
				<Measurement>
					<Value>-- run_test.py: invoking following command in '/home/kms301111/Desktop/space/ros2_ws/src/space_gazebo':
 - /opt/ros/jazzy/bin/ament_xmllint --xunit-file /home/kms301111/Desktop/space/build/space_gazebo/test_results/space_gazebo/xmllint.xunit.xml
File 'package.xml' is valid

No problems found
-- run_test.py: return code 0
-- run_test.py: verify result file '/home/kms301111/Desktop/space/build/space_gazebo/test_results/space_gazebo/xmllint.xunit.xml'
</Value>
				</Measurement>
			</Results>
			<Labels>
				<Label>linter</Label>
				<Label>xmllint</Label>
			</Labels>
		</Test>
		<EndDateTime>Jul 29 17:18 KST</EndDateTime>
		<EndTestTime>1785313138</EndTestTime>
		<ElapsedMinutes>0</ElapsedMinutes>
	</Testing>
</Site>
