<?xml version="1.0" encoding="utf-8"?><testsuites><testsuite name="pytest" errors="0" failures="0" skipped="0" tests="20" time="0.249" timestamp="2026-07-30T22:46:53.024920" hostname="detop"><testcase classname="space_description.space_description.test.test_rover_geometry" name="test_geometry_source_is_installed" time="0.000" /><testcase classname="space_description.space_description.test.test_rover_geometry" name="test_every_required_key_is_present" time="0.003" /><testcase classname="space_description.space_description.test.test_rover_geometry" name="test_missing_key_raises_rather_than_defaulting" time="0.005" /><testcase classname="space_description.space_description.test.test_rover_geometry" name="test_complete_mapping_round_trips" time="0.004" /><testcase classname="space_description.space_description.test.test_rover_geometry" name="test_step_limit_is_half_the_wheel_radius" time="0.003" /><testcase classname="space_description.space_description.test.test_rover_geometry" name="test_wheel_contact_lands_exactly_on_base_footprint" time="0.003" /><testcase classname="space_description.space_description.test.test_rover_geometry" name="test_footprint_covers_both_chassis_box_and_wheels" time="0.003" /><testcase classname="space_description.space_description.test.test_rover_geometry" name="test_footprint_covers_every_collision" time="0.085" /><testcase classname="space_description.space_description.test.test_rover_geometry" name="test_collision_box_is_not_narrower_than_the_chassis" time="0.004" /><testcase classname="space_description.space_description.test.test_rover_geometry" name="test_collision_box_does_not_clip_the_ground" time="0.003" /><testcase classname="space_description.space_description.test.test_rover_geometry" name="test_footprint_string_parses_to_the_derived_extents" time="0.003" /><testcase classname="space_description.space_description.test.test_rover_geometry" name="test_min_passable_width_exceeds_the_rover_width" time="0.003" /><testcase classname="space_description.space_description.test.test_rover_geometry" name="test_ground_clearance_stays_well_under_the_axle_height" time="0.003" /><testcase classname="space_description.space_description.test.test_rover_geometry" name="test_masses_sum_to_the_recorded_total" time="0.003" /><testcase classname="space_description.space_description.test.test_rover_geometry" name="test_design_mass_stays_under_the_competition_limit" time="0.003" /><testcase classname="space_description.space_description.test.test_rover_geometry" name="test_base_inertia_scales_with_the_derived_mass" time="0.003" /><testcase classname="space_description.space_description.test.test_rover_geometry" name="test_ground_pressure_tracks_the_design_mass" time="0.003" /><testcase classname="space_description.space_description.test.test_rover_geometry" name="test_generated_urdf_total_mass_equals_the_source" time="0.086" /><testcase classname="space_description.space_description.test.test_rover_geometry" name="test_derived_mapping_matches_the_individual_functions" time="0.004" /><testcase classname="space_description.space_description.test.test_rover_geometry" name="test_wheel_geometry_matches_the_measured_wheel_stl" time="0.009" /></testsuite></testsuites>