Start testing: Jul 30 22:46 KST
----------------------------------------------------------
1/3 Testing: flake8
1/3 Test: flake8
Command: "/usr/bin/python3" "-u" "/opt/ros/jazzy/share/ament_cmake_test/cmake/run_test.py" "/home/kj/Desktop/space/ros2_ws/src/build/space_description/test_results/space_description/flake8.xunit.xml" "--package-name" "space_description" "--output-file" "/home/kj/Desktop/space/ros2_ws/src/build/space_description/ament_flake8/flake8.txt" "--command" "/opt/ros/jazzy/bin/ament_flake8" "--xunit-file" "/home/kj/Desktop/space/ros2_ws/src/build/space_description/test_results/space_description/flake8.xunit.xml"
Directory: /home/kj/Desktop/space/ros2_ws/src/space_description
"flake8" start time: Jul 30 22:46 KST
Output:
----------------------------------------------------------
-- run_test.py: invoking following command in '/home/kj/Desktop/space/ros2_ws/src/space_description':
 - /opt/ros/jazzy/bin/ament_flake8 --xunit-file /home/kj/Desktop/space/ros2_ws/src/build/space_description/test_results/space_description/flake8.xunit.xml

3 files checked
No problems found

Checked files:

* ./space_description/rover_geometry.py
* ./space_description/__init__.py
* ./test/test_rover_geometry.py
-- run_test.py: return code 0
-- run_test.py: verify result file '/home/kj/Desktop/space/ros2_ws/src/build/space_description/test_results/space_description/flake8.xunit.xml'
<end of output>
Test time =   0.31 sec
----------------------------------------------------------
Test Passed.
"flake8" end time: Jul 30 22:46 KST
"flake8" time elapsed: 00:00:00
----------------------------------------------------------

2/3 Testing: pep257
2/3 Test: pep257
Command: "/usr/bin/python3" "-u" "/opt/ros/jazzy/share/ament_cmake_test/cmake/run_test.py" "/home/kj/Desktop/space/ros2_ws/src/build/space_description/test_results/space_description/pep257.xunit.xml" "--package-name" "space_description" "--output-file" "/home/kj/Desktop/space/ros2_ws/src/build/space_description/ament_pep257/pep257.txt" "--command" "/opt/ros/jazzy/bin/ament_pep257" "--xunit-file" "/home/kj/Desktop/space/ros2_ws/src/build/space_description/test_results/space_description/pep257.xunit.xml"
Directory: /home/kj/Desktop/space/ros2_ws/src/space_description
"pep257" start time: Jul 30 22:46 KST
Output:
----------------------------------------------------------
-- run_test.py: invoking following command in '/home/kj/Desktop/space/ros2_ws/src/space_description':
 - /opt/ros/jazzy/bin/ament_pep257 --xunit-file /home/kj/Desktop/space/ros2_ws/src/build/space_description/test_results/space_description/pep257.xunit.xml
checking ./space_description/__init__.py
checking ./space_description/rover_geometry.py
checking ./test/test_rover_geometry.py
No problems found
-- run_test.py: return code 0
-- run_test.py: verify result file '/home/kj/Desktop/space/ros2_ws/src/build/space_description/test_results/space_description/pep257.xunit.xml'
<end of output>
Test time =   0.18 sec
----------------------------------------------------------
Test Passed.
"pep257" end time: Jul 30 22:46 KST
"pep257" time elapsed: 00:00:00
----------------------------------------------------------

3/3 Testing: test_rover_geometry
3/3 Test: test_rover_geometry
Command: "/usr/bin/python3" "-u" "/opt/ros/jazzy/share/ament_cmake_test/cmake/run_test.py" "/home/kj/Desktop/space/ros2_ws/src/build/space_description/test_results/space_description/test_rover_geometry.xunit.xml" "--package-name" "space_description" "--output-file" "/home/kj/Desktop/space/ros2_ws/src/build/space_description/ament_cmake_pytest/test_rover_geometry.txt" "--command" "/usr/bin/python3" "-u" "-m" "pytest" "/home/kj/Desktop/space/ros2_ws/src/space_description/test/test_rover_geometry.py" "-o" "cache_dir=/home/kj/Desktop/space/ros2_ws/src/build/space_description/ament_cmake_pytest/test_rover_geometry/.cache" "--junit-xml=/home/kj/Desktop/space/ros2_ws/src/build/space_description/test_results/space_description/test_rover_geometry.xunit.xml" "--junit-prefix=space_description"
Directory: /home/kj/Desktop/space/ros2_ws/src/build/space_description
"test_rover_geometry" start time: Jul 30 22:46 KST
Output:
----------------------------------------------------------
-- run_test.py: invoking following command in '/home/kj/Desktop/space/ros2_ws/src/build/space_description':
 - /usr/bin/python3 -u -m pytest /home/kj/Desktop/space/ros2_ws/src/space_description/test/test_rover_geometry.py -o cache_dir=/home/kj/Desktop/space/ros2_ws/src/build/space_description/ament_cmake_pytest/test_rover_geometry/.cache --junit-xml=/home/kj/Desktop/space/ros2_ws/src/build/space_description/test_results/space_description/test_rover_geometry.xunit.xml --junit-prefix=space_description
============================= test session starts ==============================
platform linux -- Python 3.12.3, pytest-7.4.4, pluggy-1.4.0
cachedir: build/space_description/ament_cmake_pytest/test_rover_geometry/.cache
rootdir: /home/kj/Desktop/space/ros2_ws/src
plugins: ament-xmllint-0.17.5, launch-testing-3.4.10, ament-pep257-0.17.5, launch-testing-ros-0.26.11, ament-copyright-0.17.5, ament-lint-0.17.5, ament-flake8-0.17.5, cov-4.1.0, typeguard-4.1.5, colcon-core-0.20.1
collected 20 items

../../space_description/test/test_rover_geometry.py .................... [100%]

- generated xml file: /home/kj/Desktop/space/ros2_ws/src/build/space_description/test_results/space_description/test_rover_geometry.xunit.xml -
============================== 20 passed in 0.25s ==============================
-- run_test.py: return code 0
-- run_test.py: verify result file '/home/kj/Desktop/space/ros2_ws/src/build/space_description/test_results/space_description/test_rover_geometry.xunit.xml'
<end of output>
Test time =   0.58 sec
----------------------------------------------------------
Test Passed.
"test_rover_geometry" end time: Jul 30 22:46 KST
"test_rover_geometry" time elapsed: 00:00:00
----------------------------------------------------------

End testing: Jul 30 22:46 KST

flake8 =   0.31 sec*proc

linter =   0.49 sec*proc

pep257 =   0.18 sec*proc

pytest =   0.58 sec*proc

