<?xml version="1.0" encoding="utf-8"?><testsuites><testsuite name="pytest" errors="0" failures="0" skipped="0" tests="43" time="0.985" timestamp="2026-07-29T17:18:57.136771" hostname="humxn"><testcase classname="space_controller.test.test_command_safety" name="test_linear_velocity_clipping" time="0.001" /><testcase classname="space_controller.test.test_command_safety" name="test_angular_velocity_clipping" time="0.001" /><testcase classname="space_controller.test.test_command_safety" name="test_forwarding_in_driving_mode" time="0.001" /><testcase classname="space_controller.test.test_command_safety" name="test_non_finite_command_is_rejected[nan-0.0]" time="0.001" /><testcase classname="space_controller.test.test_command_safety" name="test_non_finite_command_is_rejected[inf-0.0]" time="0.001" /><testcase classname="space_controller.test.test_command_safety" name="test_non_finite_command_is_rejected[-inf-0.0]" time="0.001" /><testcase classname="space_controller.test.test_command_safety" name="test_non_finite_command_is_rejected[0.0-nan]" time="0.001" /><testcase classname="space_controller.test.test_command_safety" name="test_non_finite_command_is_rejected[0.0-inf]" time="0.001" /><testcase classname="space_controller.test.test_command_safety" name="test_non_finite_command_is_rejected[0.0--inf]" time="0.001" /><testcase classname="space_controller.test.test_command_safety" name="test_non_driving_mode_publishes_immediate_stop[1-SafetyState.HOLD]" time="0.001" /><testcase classname="space_controller.test.test_command_safety" name="test_non_driving_mode_publishes_immediate_stop[2-SafetyState.EMERGENCY]" time="0.001" /><testcase classname="space_controller.test.test_command_safety" name="test_periodic_zero_while_stale" time="0.001" /><testcase classname="space_controller.test.test_command_safety" name="test_periodic_zero_while_non_driving_mode_remains_active[1]" time="0.001" /><testcase classname="space_controller.test.test_command_safety" name="test_periodic_zero_while_non_driving_mode_remains_active[2]" time="0.001" /><testcase classname="space_controller.test.test_command_safety" name="test_stop_publication_is_not_faster_than_configured" time="0.000" /><testcase classname="space_controller.test.test_command_safety" name="test_fresh_command_recovers_from_stale_state" time="0.000" /><testcase classname="space_controller.test.test_command_safety" name="test_new_stale_interval_stops_immediately_after_recovery" time="0.000" /><testcase classname="space_controller.test.test_command_safety" name="test_return_to_rover_requires_fresh_command_for_recovery" time="0.000" /><testcase classname="space_controller.test.test_command_safety" name="test_unknown_mode_is_rejected_without_state_change" time="0.000" /><testcase classname="space_controller.test.test_command_safety" name="test_timing_parameter_validation[command_timeout_sec-0.0]" time="0.001" /><testcase classname="space_controller.test.test_command_safety" name="test_timing_parameter_validation[command_timeout_sec--0.01]" time="0.000" /><testcase classname="space_controller.test.test_command_safety" name="test_timing_parameter_validation[command_timeout_sec-nan]" time="0.000" /><testcase classname="space_controller.test.test_command_safety" name="test_timing_parameter_validation[command_timeout_sec-inf]" time="0.000" /><testcase classname="space_controller.test.test_command_safety" name="test_timing_parameter_validation[watchdog_period_sec-0.0]" time="0.000" /><testcase classname="space_controller.test.test_command_safety" name="test_timing_parameter_validation[watchdog_period_sec--0.01]" time="0.001" /><testcase classname="space_controller.test.test_command_safety" name="test_timing_parameter_validation[watchdog_period_sec-nan]" time="0.000" /><testcase classname="space_controller.test.test_command_safety" name="test_timing_parameter_validation[watchdog_period_sec-inf]" time="0.000" /><testcase classname="space_controller.test.test_command_safety" name="test_timing_parameter_validation[stop_publish_period_sec-0.0]" time="0.000" /><testcase classname="space_controller.test.test_command_safety" name="test_timing_parameter_validation[stop_publish_period_sec--0.01]" time="0.000" /><testcase classname="space_controller.test.test_command_safety" name="test_timing_parameter_validation[stop_publish_period_sec-nan]" time="0.000" /><testcase classname="space_controller.test.test_command_safety" name="test_timing_parameter_validation[stop_publish_period_sec-inf]" time="0.000" /><testcase classname="space_controller.test.test_command_safety" name="test_sub_nanosecond_timing_parameter_is_rejected" time="0.000" /><testcase classname="space_controller.test.test_command_safety" name="test_command_limit_parameter_validation[max_linear_mps-0.0]" time="0.000" /><testcase classname="space_controller.test.test_command_safety" name="test_command_limit_parameter_validation[max_linear_mps--0.01]" time="0.000" /><testcase classname="space_controller.test.test_command_safety" name="test_command_limit_parameter_validation[max_linear_mps-nan]" time="0.000" /><testcase classname="space_controller.test.test_command_safety" name="test_command_limit_parameter_validation[max_linear_mps-inf]" time="0.000" /><testcase classname="space_controller.test.test_command_safety" name="test_command_limit_parameter_validation[max_angular_radps-0.0]" time="0.000" /><testcase classname="space_controller.test.test_command_safety" name="test_command_limit_parameter_validation[max_angular_radps--0.01]" time="0.000" /><testcase classname="space_controller.test.test_command_safety" name="test_command_limit_parameter_validation[max_angular_radps-nan]" time="0.000" /><testcase classname="space_controller.test.test_command_safety" name="test_command_limit_parameter_validation[max_angular_radps-inf]" time="0.000" /><testcase classname="space_controller.test.test_command_safety" name="test_simulated_time_reset_keeps_watchdog_operational" time="0.000" /><testcase classname="space_controller.test.test_flake8" name="test_flake8" time="0.259" /><testcase classname="space_controller.test.test_pep257" name="test_pep257" time="0.075" /></testsuite></testsuites>